[2026-01-24 11:46:14] [INFO] UART opened successfully: /dev/ttyS1
[2026-01-24 11:46:14] [INFO] Socket Server listening on port 5555
[2026-01-24 11:46:14] [INFO] --- Running JSON Handling Test ---
[2026-01-24 11:46:14] [DEBG] Recv JSON: {"type": "send_mcu", "data": {"cmd": 6, "payload": "0101000101"}}
[2026-01-24 11:46:14] [DEBG] UART TX: 55AA0006000501010001010E
[2026-01-24 11:46:14] [INFO] --- JSON Test Finished ---
[2026-01-24 11:46:14] [INFO] Entering Main Event Loop...
[2026-01-24 11:46:14] [INFO] Main Event Loop Iteration
[2026-01-24 11:47:34] [INFO] New Master connected
[2026-01-24 11:47:34] [INFO] Main Event Loop Iteration
[2026-01-24 11:47:34] [DEBG] Recv JSON: {"type": "send_mcu", "data": {"cmd": 6, "payload": "0101000101"}}
[2026-01-24 11:47:34] [DEBG] UART TX: 55AA0006000501010001010E
[2026-01-24 11:47:34] [INFO] Main Event Loop Iteration
[2026-01-24 11:47:34] [DEBG] Recv JSON: {"type": "send_mcu", "data": {"cmd": 8}}
[2026-01-24 11:47:34] [DEBG] UART TX: 55AA0008000007
[2026-01-24 11:47:34] [INFO] Main Event Loop Iteration
[2026-01-24 11:47:35] [DEBG] Recv JSON: {"type": "send_mcu", "data": {"cmd": 6, "payload": "0101000101"}}
[2026-01-24 11:47:35] [DEBG] UART TX: 55AA0006000501010001010E
[2026-01-24 11:47:35] [INFO] Main Event Loop Iteration
[2026-01-24 11:47:35] [DEBG] Recv JSON: {"type": "send_mcu", "data": {"cmd": 8}}
[2026-01-24 11:47:35] [DEBG] UART TX: 55AA0008000007
[2026-01-24 11:47:35] [INFO] Main Event Loop Iteration
[2026-01-24 11:47:35] [DEBG] Recv JSON: {"type": "send_mcu", "data": {"cmd": 6, "payload": "0101000101"}}
[2026-01-24 11:47:35] [DEBG] UART TX: 55AA0006000501010001010E
[2026-01-24 11:47:35] [INFO] Main Event Loop Iteration
[2026-01-24 11:47:35] [DEBG] Recv JSON: {"type": "send_mcu", "data": {"cmd": 8}}
[2026-01-24 11:47:35] [DEBG] UART TX: 55AA0008000007
[2026-01-24 11:47:35] [INFO] Main Event Loop Iteration
[2026-01-24 11:47:36] [DEBG] Recv JSON: {"type": "send_mcu", "data": {"cmd": 6, "payload": "0101000101"}}
[2026-01-24 11:47:36] [DEBG] UART TX: 55AA0006000501010001010E
[2026-01-24 11:47:36] [INFO] Main Event Loop Iteration
[2026-01-24 11:47:36] [DEBG] Recv JSON: {"type": "send_mcu", "data": {"cmd": 8}}
[2026-01-24 11:47:36] [DEBG] UART TX: 55AA0008000007
[2026-01-24 11:47:36] [INFO] Main Event Loop Iteration
[2026-01-24 11:47:36] [DEBG] Recv JSON: {"type": "send_mcu", "data": {"cmd": 6, "payload": "0101000101"}}
[2026-01-24 11:47:36] [DEBG] UART TX: 55AA0006000501010001010E
[2026-01-24 11:47:36] [INFO] Main Event Loop Iteration
[2026-01-24 11:47:36] [DEBG] Recv JSON: {"type": "send_mcu", "data": {"cmd": 8}}
[2026-01-24 11:47:36] [DEBG] UART TX: 55AA0008000007
[2026-01-24 11:47:36] [INFO] Main Event Loop Iteration
[2026-01-24 11:47:37] [DEBG] Recv JSON: {"type": "send_mcu", "data": {"cmd": 6, "payload": "0101000101"}}
[2026-01-24 11:47:37] [DEBG] UART TX: 55AA0006000501010001010E
[2026-01-24 11:47:37] [INFO] Main Event Loop Iteration
[2026-01-24 11:47:37] [DEBG] Recv JSON: {"type": "send_mcu", "data": {"cmd": 8}}
[2026-01-24 11:47:37] [DEBG] UART TX: 55AA0008000007
[2026-01-24 11:47:37] [INFO] Main Event Loop Iteration
[2026-01-24 11:47:37] [DEBG] Recv JSON: {"type": "send_mcu", "data": {"cmd": 6, "payload": "0101000101"}}
[2026-01-24 11:47:37] [DEBG] UART TX: 55AA0006000501010001010E
[2026-01-24 11:47:37] [INFO] Main Event Loop Iteration
[2026-01-24 11:47:37] [DEBG] Recv JSON: {"type": "send_mcu", "data": {"cmd": 8}}
[2026-01-24 11:47:37] [DEBG] UART TX: 55AA0008000007
[2026-01-24 11:47:37] [INFO] Main Event Loop Iteration
[2026-01-24 11:47:38] [DEBG] Recv JSON: {"type": "send_mcu", "data": {"cmd": 6, "payload": "0101000101"}}
[2026-01-24 11:47:38] [DEBG] UART TX: 55AA0006000501010001010E
[2026-01-24 11:47:38] [INFO] Main Event Loop Iteration
[2026-01-24 11:47:38] [DEBG] Recv JSON: {"type": "send_mcu", "data": {"cmd": 8}}
[2026-01-24 11:47:38] [DEBG] UART TX: 55AA0008000007
[2026-01-24 11:47:38] [INFO] Main Event Loop Iteration
[2026-01-24 11:47:38] [DEBG] Recv JSON: {"type": "send_mcu", "data": {"cmd": 6, "payload": "0101000101"}}
[2026-01-24 11:47:38] [DEBG] UART TX: 55AA0006000501010001010E
[2026-01-24 11:47:38] [INFO] Main Event Loop Iteration
[2026-01-24 11:47:38] [DEBG] Recv JSON: {"type": "send_mcu", "data": {"cmd": 8}}
[2026-01-24 11:47:38] [DEBG] UART TX: 55AA0008000007
[2026-01-24 11:47:38] [INFO] Main Event Loop Iteration
[2026-01-24 11:47:39] [DEBG] Recv JSON: {"type": "send_mcu", "data": {"cmd": 6, "payload": "0101000101"}}
[2026-01-24 11:47:39] [DEBG] UART TX: 55AA0006000501010001010E
[2026-01-24 11:47:39] [INFO] Main Event Loop Iteration
[2026-01-24 11:47:39] [DEBG] Recv JSON: {"type": "send_mcu", "data": {"cmd": 8}}
[2026-01-24 11:47:39] [DEBG] UART TX: 55AA0008000007
[2026-01-24 11:47:39] [INFO] Main Event Loop Iteration
[2026-01-24 11:47:39] [DEBG] Recv JSON: {"type": "send_mcu", "data": {"cmd": 6, "payload": "0101000101"}}
[2026-01-24 11:47:39] [DEBG] UART TX: 55AA0006000501010001010E
[2026-01-24 11:47:39] [INFO] Main Event Loop Iteration
[2026-01-24 11:47:39] [DEBG] Recv JSON: {"type": "send_mcu", "data": {"cmd": 8}}
[2026-01-24 11:47:39] [DEBG] UART TX: 55AA0008000007
[2026-01-24 11:47:39] [INFO] Main Event Loop Iteration
[2026-01-24 11:47:40] [DEBG] Recv JSON: {"type": "send_mcu", "data": {"cmd": 6, "payload": "0101000101"}}
[2026-01-24 11:47:40] [DEBG] UART TX: 55AA0006000501010001010E
[2026-01-24 11:47:40] [INFO] Main Event Loop Iteration
[2026-01-24 11:47:40] [DEBG] Recv JSON: {"type": "send_mcu", "data": {"cmd": 8}}
[2026-01-24 11:47:40] [DEBG] UART TX: 55AA0008000007
[2026-01-24 11:47:40] [INFO] Main Event Loop Iteration
[2026-01-24 11:47:40] [DEBG] Recv JSON: {"type": "send_mcu", "data": {"cmd": 6, "payload": "0101000101"}}
[2026-01-24 11:47:40] [DEBG] UART TX: 55AA0006000501010001010E
[2026-01-24 11:47:40] [INFO] Main Event Loop Iteration
[2026-01-24 11:47:40] [DEBG] Recv JSON: {"type": "send_mcu", "data": {"cmd": 8}}
[2026-01-24 11:47:40] [DEBG] UART TX: 55AA0008000007
[2026-01-24 11:47:40] [INFO] Main Event Loop Iteration
[2026-01-24 11:47:41] [DEBG] Recv JSON: {"type": "send_mcu", "data": {"cmd": 6, "payload": "0101000101"}}
[2026-01-24 11:47:41] [DEBG] UART TX: 55AA0006000501010001010E
[2026-01-24 11:47:41] [INFO] Main Event Loop Iteration
[2026-01-24 11:47:41] [DEBG] Recv JSON: {"type": "send_mcu", "data": {"cmd": 8}}
[2026-01-24 11:47:41] [DEBG] UART TX: 55AA0008000007
[2026-01-24 11:47:41] [INFO] Main Event Loop Iteration
[2026-01-24 11:47:41] [DEBG] Recv JSON: {"type": "send_mcu", "data": {"cmd": 6, "payload": "0101000101"}}
[2026-01-24 11:47:41] [DEBG] UART TX: 55AA0006000501010001010E
[2026-01-24 11:47:41] [INFO] Main Event Loop Iteration
[2026-01-24 11:47:41] [DEBG] Recv JSON: {"type": "send_mcu", "data": {"cmd": 8}}
[2026-01-24 11:47:41] [DEBG] UART TX: 55AA0008000007
[2026-01-24 11:47:41] [INFO] Main Event Loop Iteration
[2026-01-24 11:47:42] [DEBG] Recv JSON: {"type": "send_mcu", "data": {"cmd": 6, "payload": "0101000101"}}
[2026-01-24 11:47:42] [DEBG] UART TX: 55AA0006000501010001010E
[2026-01-24 11:47:42] [INFO] Main Event Loop Iteration
[2026-01-24 11:47:42] [DEBG] Recv JSON: {"type": "send_mcu", "data": {"cmd": 8}}
[2026-01-24 11:47:42] [DEBG] UART TX: 55AA0008000007
[2026-01-24 11:47:42] [INFO] Main Event Loop Iteration
[2026-01-24 11:47:42] [DEBG] Recv JSON: {"type": "send_mcu", "data": {"cmd": 6, "payload": "0101000101"}}
[2026-01-24 11:47:42] [DEBG] UART TX: 55AA0006000501010001010E
[2026-01-24 11:47:42] [INFO] Main Event Loop Iteration
[2026-01-24 11:47:42] [DEBG] Recv JSON: {"type": "send_mcu", "data": {"cmd": 8}}
[2026-01-24 11:47:42] [DEBG] UART TX: 55AA0008000007
[2026-01-24 11:47:42] [INFO] Main Event Loop Iteration
[2026-01-24 11:47:43] [DEBG] Recv JSON: {"type": "send_mcu", "data": {"cmd": 6, "payload": "0101000101"}}
[2026-01-24 11:47:43] [DEBG] UART TX: 55AA0006000501010001010E
[2026-01-24 11:47:43] [INFO] Main Event Loop Iteration
[2026-01-24 11:47:43] [DEBG] Recv JSON: {"type": "send_mcu", "data": {"cmd": 8}}
[2026-01-24 11:47:43] [DEBG] UART TX: 55AA0008000007
[2026-01-24 11:47:43] [INFO] Main Event Loop Iteration
[2026-01-24 11:47:43] [DEBG] Recv JSON: {"type": "send_mcu", "data": {"cmd": 6, "payload": "0101000101"}}
[2026-01-24 11:47:43] [DEBG] UART TX: 55AA0006000501010001010E
[2026-01-24 11:47:43] [INFO] Main Event Loop Iteration
[2026-01-24 11:47:43] [DEBG] Recv JSON: {"type": "send_mcu", "data": {"cmd": 8}}
[2026-01-24 11:47:43] [DEBG] UART TX: 55AA0008000007
[2026-01-24 11:47:43] [INFO] Main Event Loop Iteration
[2026-01-24 11:47:44] [DEBG] Recv JSON: {"type": "send_mcu", "data": {"cmd": 6, "payload": "0101000101"}}
[2026-01-24 11:47:44] [DEBG] UART TX: 55AA0006000501010001010E
[2026-01-24 11:47:44] [INFO] Main Event Loop Iteration
[2026-01-24 11:47:44] [DEBG] Recv JSON: {"type": "send_mcu", "data": {"cmd": 8}}
[2026-01-24 11:47:44] [DEBG] UART TX: 55AA0008000007
[2026-01-24 11:47:44] [INFO] Main Event Loop Iteration
[2026-01-24 11:47:44] [DEBG] Recv JSON: {"type": "send_mcu", "data": {"cmd": 6, "payload": "0101000101"}}
[2026-01-24 11:47:44] [DEBG] UART TX: 55AA0006000501010001010E
[2026-01-24 11:47:44] [INFO] Main Event Loop Iteration
[2026-01-24 11:47:44] [DEBG] Recv JSON: {"type": "send_mcu", "data": {"cmd": 8}}
[2026-01-24 11:47:44] [DEBG] UART TX: 55AA0008000007
[2026-01-24 11:47:44] [INFO] Main Event Loop Iteration
[2026-01-24 11:47:45] [DEBG] Recv JSON: {"type": "send_mcu", "data": {"cmd": 6, "payload": "0101000101"}}
[2026-01-24 11:47:45] [DEBG] UART TX: 55AA0006000501010001010E
[2026-01-24 11:47:45] [INFO] Main Event Loop Iteration
[2026-01-24 11:47:45] [DEBG] Recv JSON: {"type": "send_mcu", "data": {"cmd": 8}}
[2026-01-24 11:47:45] [DEBG] UART TX: 55AA0008000007
[2026-01-24 11:47:45] [INFO] Main Event Loop Iteration
[2026-01-24 11:47:45] [DEBG] Recv JSON: {"type": "send_mcu", "data": {"cmd": 6, "payload": "0101000101"}}
[2026-01-24 11:47:45] [DEBG] UART TX: 55AA0006000501010001010E
[2026-01-24 11:47:45] [INFO] Main Event Loop Iteration
[2026-01-24 11:47:45] [DEBG] Recv JSON: {"type": "send_mcu", "data": {"cmd": 8}}
[2026-01-24 11:47:45] [DEBG] UART TX: 55AA0008000007
[2026-01-24 11:47:45] [INFO] Main Event Loop Iteration
[2026-01-24 11:47:46] [DEBG] Recv JSON: {"type": "send_mcu", "data": {"cmd": 6, "payload": "0101000101"}}
[2026-01-24 11:47:46] [DEBG] UART TX: 55AA0006000501010001010E
[2026-01-24 11:47:46] [INFO] Main Event Loop Iteration
[2026-01-24 11:47:46] [DEBG] Recv JSON: {"type": "send_mcu", "data": {"cmd": 8}}
[2026-01-24 11:47:46] [DEBG] UART TX: 55AA0008000007
[2026-01-24 11:47:46] [INFO] Main Event Loop Iteration
[2026-01-24 11:47:46] [DEBG] Recv JSON: {"type": "send_mcu", "data": {"cmd": 6, "payload": "0101000101"}}
[2026-01-24 11:47:46] [DEBG] UART TX: 55AA0006000501010001010E
[2026-01-24 11:47:46] [INFO] Main Event Loop Iteration
[2026-01-24 11:47:46] [DEBG] Recv JSON: {"type": "send_mcu", "data": {"cmd": 8}}
[2026-01-24 11:47:46] [DEBG] UART TX: 55AA0008000007
[2026-01-24 11:47:46] [INFO] Main Event Loop Iteration
[2026-01-24 11:47:47] [DEBG] Recv JSON: {"type": "send_mcu", "data": {"cmd": 6, "payload": "0101000101"}}
[2026-01-24 11:47:47] [DEBG] UART TX: 55AA0006000501010001010E
[2026-01-24 11:47:47] [INFO] Main Event Loop Iteration
[2026-01-24 11:47:47] [DEBG] Recv JSON: {"type": "send_mcu", "data": {"cmd": 8}}
[2026-01-24 11:47:47] [DEBG] UART TX: 55AA0008000007
[2026-01-24 11:47:47] [INFO] Main Event Loop Iteration
[2026-01-24 11:47:47] [DEBG] Recv JSON: {"type": "send_mcu", "data": {"cmd": 6, "payload": "0101000101"}}
[2026-01-24 11:47:47] [DEBG] UART TX: 55AA0006000501010001010E
[2026-01-24 11:47:47] [INFO] Main Event Loop Iteration
[2026-01-24 11:47:47] [DEBG] Recv JSON: {"type": "send_mcu", "data": {"cmd": 8}}
[2026-01-24 11:47:47] [DEBG] UART TX: 55AA0008000007
[2026-01-24 11:47:47] [INFO] Main Event Loop Iteration
[2026-01-24 11:47:48] [DEBG] Recv JSON: {"type": "send_mcu", "data": {"cmd": 6, "payload": "0101000101"}}
[2026-01-24 11:47:48] [DEBG] UART TX: 55AA0006000501010001010E
[2026-01-24 11:47:48] [INFO] Main Event Loop Iteration
[2026-01-24 11:47:48] [DEBG] Recv JSON: {"type": "send_mcu", "data": {"cmd": 8}}
[2026-01-24 11:47:48] [DEBG] UART TX: 55AA0008000007
[2026-01-24 11:47:48] [INFO] Main Event Loop Iteration
[2026-01-24 11:47:48] [DEBG] Recv JSON: {"type": "send_mcu", "data": {"cmd": 6, "payload": "0101000101"}}
[2026-01-24 11:47:48] [DEBG] UART TX: 55AA0006000501010001010E
[2026-01-24 11:47:48] [INFO] Main Event Loop Iteration
[2026-01-24 11:47:48] [DEBG] Recv JSON: {"type": "send_mcu", "data": {"cmd": 8}}
[2026-01-24 11:47:48] [DEBG] UART TX: 55AA0008000007
[2026-01-24 11:47:48] [INFO] Main Event Loop Iteration
[2026-01-24 11:47:49] [DEBG] Recv JSON: {"type": "send_mcu", "data": {"cmd": 6, "payload": "0101000101"}}
[2026-01-24 11:47:49] [DEBG] UART TX: 55AA0006000501010001010E
[2026-01-24 11:47:49] [INFO] Main Event Loop Iteration
[2026-01-24 11:47:49] [DEBG] Recv JSON: {"type": "send_mcu", "data": {"cmd": 8}}
[2026-01-24 11:47:49] [DEBG] UART TX: 55AA0008000007
[2026-01-24 11:47:49] [INFO] Main Event Loop Iteration
[2026-01-24 11:47:49] [DEBG] Recv JSON: {"type": "send_mcu", "data": {"cmd": 6, "payload": "0101000101"}}
[2026-01-24 11:47:49] [DEBG] UART TX: 55AA0006000501010001010E
[2026-01-24 11:47:49] [INFO] Main Event Loop Iteration
[2026-01-24 11:47:49] [DEBG] Recv JSON: {"type": "send_mcu", "data": {"cmd": 8}}
[2026-01-24 11:47:49] [DEBG] UART TX: 55AA0008000007
[2026-01-24 11:47:49] [INFO] Main Event Loop Iteration
[2026-01-24 11:47:50] [DEBG] Recv JSON: {"type": "send_mcu", "data": {"cmd": 6, "payload": "0101000101"}}
[2026-01-24 11:47:50] [DEBG] UART TX: 55AA0006000501010001010E
[2026-01-24 11:47:50] [INFO] Main Event Loop Iteration
[2026-01-24 11:47:50] [DEBG] Recv JSON: {"type": "send_mcu", "data": {"cmd": 8}}
[2026-01-24 11:47:50] [DEBG] UART TX: 55AA0008000007
[2026-01-24 11:47:50] [INFO] Main Event Loop Iteration
[2026-01-24 11:47:50] [DEBG] Recv JSON: {"type": "send_mcu", "data": {"cmd": 6, "payload": "0101000101"}}
[2026-01-24 11:47:50] [DEBG] UART TX: 55AA0006000501010001010E
[2026-01-24 11:47:50] [INFO] Main Event Loop Iteration
[2026-01-24 11:47:50] [DEBG] Recv JSON: {"type": "send_mcu", "data": {"cmd": 8}}
[2026-01-24 11:47:50] [DEBG] UART TX: 55AA0008000007
[2026-01-24 11:47:50] [INFO] Main Event Loop Iteration
[2026-01-24 11:47:51] [DEBG] Recv JSON: {"type": "send_mcu", "data": {"cmd": 6, "payload": "0101000101"}}
[2026-01-24 11:47:51] [DEBG] UART TX: 55AA0006000501010001010E
[2026-01-24 11:47:51] [INFO] Main Event Loop Iteration
[2026-01-24 11:47:51] [DEBG] Recv JSON: {"type": "send_mcu", "data": {"cmd": 8}}
[2026-01-24 11:47:51] [DEBG] UART TX: 55AA0008000007
[2026-01-24 11:47:51] [INFO] Main Event Loop Iteration
[2026-01-24 11:47:51] [DEBG] Recv JSON: {"type": "send_mcu", "data": {"cmd": 6, "payload": "0101000101"}}
[2026-01-24 11:47:51] [DEBG] UART TX: 55AA0006000501010001010E
[2026-01-24 11:47:51] [INFO] Main Event Loop Iteration
[2026-01-24 11:47:51] [DEBG] Recv JSON: {"type": "send_mcu", "data": {"cmd": 8}}
[2026-01-24 11:47:51] [DEBG] UART TX: 55AA0008000007
[2026-01-24 11:47:51] [INFO] Main Event Loop Iteration
[2026-01-24 11:47:52] [DEBG] Recv JSON: {"type": "send_mcu", "data": {"cmd": 6, "payload": "0101000101"}}
[2026-01-24 11:47:52] [DEBG] UART TX: 55AA0006000501010001010E
[2026-01-24 11:47:52] [INFO] Main Event Loop Iteration
[2026-01-24 11:47:52] [DEBG] Recv JSON: {"type": "send_mcu", "data": {"cmd": 8}}
[2026-01-24 11:47:52] [DEBG] UART TX: 55AA0008000007
[2026-01-24 11:47:52] [INFO] Main Event Loop Iteration
[2026-01-24 11:47:52] [DEBG] Recv JSON: {"type": "send_mcu", "data": {"cmd": 6, "payload": "0101000101"}}
[2026-01-24 11:47:52] [DEBG] UART TX: 55AA0006000501010001010E
[2026-01-24 11:47:52] [INFO] Main Event Loop Iteration
[2026-01-24 11:47:52] [DEBG] Recv JSON: {"type": "send_mcu", "data": {"cmd": 8}}
[2026-01-24 11:47:52] [DEBG] UART TX: 55AA0008000007
[2026-01-24 11:47:52] [INFO] Main Event Loop Iteration
[2026-01-24 11:47:53] [DEBG] Recv JSON: {"type": "send_mcu", "data": {"cmd": 6, "payload": "0101000101"}}
[2026-01-24 11:47:53] [DEBG] UART TX: 55AA0006000501010001010E
[2026-01-24 11:47:53] [INFO] Main Event Loop Iteration
[2026-01-24 11:47:53] [DEBG] Recv JSON: {"type": "send_mcu", "data": {"cmd": 8}}
[2026-01-24 11:47:53] [DEBG] UART TX: 55AA0008000007
[2026-01-24 11:47:53] [INFO] Main Event Loop Iteration
[2026-01-24 11:47:53] [DEBG] Recv JSON: {"type": "send_mcu", "data": {"cmd": 6, "payload": "0101000101"}}
[2026-01-24 11:47:53] [DEBG] UART TX: 55AA0006000501010001010E
[2026-01-24 11:47:53] [INFO] Main Event Loop Iteration
[2026-01-24 11:47:53] [DEBG] Recv JSON: {"type": "send_mcu", "data": {"cmd": 8}}
[2026-01-24 11:47:53] [DEBG] UART TX: 55AA0008000007
[2026-01-24 11:47:53] [INFO] Main Event Loop Iteration
[2026-01-24 11:47:54] [DEBG] Recv JSON: {"type": "send_mcu", "data": {"cmd": 6, "payload": "0101000101"}}
[2026-01-24 11:47:54] [DEBG] UART TX: 55AA0006000501010001010E
[2026-01-24 11:47:54] [INFO] Main Event Loop Iteration
[2026-01-24 11:47:54] [DEBG] Recv JSON: {"type": "send_mcu", "data": {"cmd": 8}}
[2026-01-24 11:47:54] [DEBG] UART TX: 55AA0008000007
[2026-01-24 11:47:54] [INFO] Main Event Loop Iteration
[2026-01-24 11:47:54] [DEBG] Recv JSON: {"type": "send_mcu", "data": {"cmd": 6, "payload": "0101000101"}}
[2026-01-24 11:47:54] [DEBG] UART TX: 55AA0006000501010001010E
[2026-01-24 11:47:54] [INFO] Main Event Loop Iteration
[2026-01-24 11:47:54] [DEBG] Recv JSON: {"type": "send_mcu", "data": {"cmd": 8}}
[2026-01-24 11:47:54] [DEBG] UART TX: 55AA0008000007
[2026-01-24 11:47:54] [INFO] Main Event Loop Iteration
[2026-01-24 11:47:55] [DEBG] Recv JSON: {"type": "send_mcu", "data": {"cmd": 6, "payload": "0101000101"}}
[2026-01-24 11:47:55] [DEBG] UART TX: 55AA0006000501010001010E
[2026-01-24 11:47:55] [INFO] Main Event Loop Iteration
[2026-01-24 11:47:55] [DEBG] Recv JSON: {"type": "send_mcu", "data": {"cmd": 8}}
[2026-01-24 11:47:55] [DEBG] UART TX: 55AA0008000007
[2026-01-24 11:47:55] [INFO] Main Event Loop Iteration
[2026-01-24 11:47:55] [DEBG] Recv JSON: {"type": "send_mcu", "data": {"cmd": 6, "payload": "0101000101"}}
[2026-01-24 11:47:55] [DEBG] UART TX: 55AA0006000501010001010E
[2026-01-24 11:47:55] [INFO] Main Event Loop Iteration
[2026-01-24 11:47:55] [DEBG] Recv JSON: {"type": "send_mcu", "data": {"cmd": 8}}
[2026-01-24 11:47:55] [DEBG] UART TX: 55AA0008000007
[2026-01-24 11:47:55] [INFO] Main Event Loop Iteration
[2026-01-24 11:47:56] [DEBG] Recv JSON: {"type": "send_mcu", "data": {"cmd": 6, "payload": "0101000101"}}
[2026-01-24 11:47:56] [DEBG] UART TX: 55AA0006000501010001010E
[2026-01-24 11:47:56] [INFO] Main Event Loop Iteration
[2026-01-24 11:47:56] [DEBG] Recv JSON: {"type": "send_mcu", "data": {"cmd": 8}}
[2026-01-24 11:47:56] [DEBG] UART TX: 55AA0008000007
[2026-01-24 11:47:56] [INFO] Main Event Loop Iteration
[2026-01-24 11:47:56] [DEBG] Recv JSON: {"type": "send_mcu", "data": {"cmd": 6, "payload": "0101000101"}}
[2026-01-24 11:47:56] [DEBG] UART TX: 55AA0006000501010001010E
[2026-01-24 11:47:56] [INFO] Main Event Loop Iteration
[2026-01-24 11:47:56] [DEBG] Recv JSON: {"type": "send_mcu", "data": {"cmd": 8}}
[2026-01-24 11:47:56] [DEBG] UART TX: 55AA0008000007
[2026-01-24 11:47:56] [INFO] Main Event Loop Iteration
[2026-01-24 11:47:57] [DEBG] Recv JSON: {"type": "send_mcu", "data": {"cmd": 6, "payload": "0101000101"}}
[2026-01-24 11:47:57] [DEBG] UART TX: 55AA0006000501010001010E
[2026-01-24 11:47:57] [INFO] Main Event Loop Iteration
[2026-01-24 11:47:57] [DEBG] Recv JSON: {"type": "send_mcu", "data": {"cmd": 8}}
[2026-01-24 11:47:57] [DEBG] UART TX: 55AA0008000007
[2026-01-24 11:47:57] [INFO] Main Event Loop Iteration
[2026-01-24 11:47:57] [DEBG] Recv JSON: {"type": "send_mcu", "data": {"cmd": 6, "payload": "0101000101"}}
[2026-01-24 11:47:57] [DEBG] UART TX: 55AA0006000501010001010E
[2026-01-24 11:47:57] [INFO] Main Event Loop Iteration
[2026-01-24 11:47:57] [DEBG] Recv JSON: {"type": "send_mcu", "data": {"cmd": 8}}
[2026-01-24 11:47:57] [DEBG] UART TX: 55AA0008000007
[2026-01-24 11:47:57] [INFO] Main Event Loop Iteration
[2026-01-24 11:47:58] [DEBG] Recv JSON: {"type": "send_mcu", "data": {"cmd": 6, "payload": "0101000101"}}
[2026-01-24 11:47:58] [DEBG] UART TX: 55AA0006000501010001010E
[2026-01-24 11:47:58] [INFO] Main Event Loop Iteration
[2026-01-24 11:47:58] [DEBG] Recv JSON: {"type": "send_mcu", "data": {"cmd": 8}}
[2026-01-24 11:47:58] [DEBG] UART TX: 55AA0008000007
[2026-01-24 11:47:58] [INFO] Main Event Loop Iteration
[2026-01-24 11:47:58] [DEBG] Recv JSON: {"type": "send_mcu", "data": {"cmd": 6, "payload": "0101000101"}}
[2026-01-24 11:47:58] [DEBG] UART TX: 55AA0006000501010001010E
[2026-01-24 11:47:58] [INFO] Main Event Loop Iteration
[2026-01-24 11:47:58] [DEBG] Recv JSON: {"type": "send_mcu", "data": {"cmd": 8}}
[2026-01-24 11:47:58] [DEBG] UART TX: 55AA0008000007
[2026-01-24 11:47:58] [INFO] Main Event Loop Iteration
[2026-01-24 11:47:59] [DEBG] Recv JSON: {"type": "send_mcu", "data": {"cmd": 6, "payload": "0101000101"}}
[2026-01-24 11:47:59] [DEBG] UART TX: 55AA0006000501010001010E
[2026-01-24 11:47:59] [INFO] Main Event Loop Iteration
[2026-01-24 11:47:59] [DEBG] Recv JSON: {"type": "send_mcu", "data": {"cmd": 8}}
[2026-01-24 11:47:59] [DEBG] UART TX: 55AA0008000007
[2026-01-24 11:47:59] [INFO] Main Event Loop Iteration
[2026-01-24 11:47:59] [DEBG] Recv JSON: {"type": "send_mcu", "data": {"cmd": 6, "payload": "0101000101"}}
[2026-01-24 11:47:59] [DEBG] UART TX: 55AA0006000501010001010E
[2026-01-24 11:47:59] [INFO] Main Event Loop Iteration
[2026-01-24 11:47:59] [DEBG] Recv JSON: {"type": "send_mcu", "data": {"cmd": 8}}
[2026-01-24 11:47:59] [DEBG] UART TX: 55AA0008000007
[2026-01-24 11:47:59] [INFO] Main Event Loop Iteration
[2026-01-24 11:48:00] [DEBG] Recv JSON: {"type": "send_mcu", "data": {"cmd": 6, "payload": "0101000101"}}
[2026-01-24 11:48:00] [DEBG] UART TX: 55AA0006000501010001010E
[2026-01-24 11:48:00] [INFO] Main Event Loop Iteration
[2026-01-24 11:48:00] [DEBG] Recv JSON: {"type": "send_mcu", "data": {"cmd": 8}}
[2026-01-24 11:48:00] [DEBG] UART TX: 55AA0008000007
[2026-01-24 11:48:00] [INFO] Main Event Loop Iteration
[2026-01-24 11:48:00] [DEBG] Recv JSON: {"type": "send_mcu", "data": {"cmd": 6, "payload": "0101000101"}}
[2026-01-24 11:48:00] [DEBG] UART TX: 55AA0006000501010001010E
[2026-01-24 11:48:00] [INFO] Main Event Loop Iteration
[2026-01-24 11:48:00] [DEBG] Recv JSON: {"type": "send_mcu", "data": {"cmd": 8}}
[2026-01-24 11:48:00] [DEBG] UART TX: 55AA0008000007
[2026-01-24 11:48:00] [INFO] Main Event Loop Iteration
[2026-01-24 11:48:01] [DEBG] Recv JSON: {"type": "send_mcu", "data": {"cmd": 6, "payload": "0101000101"}}
[2026-01-24 11:48:01] [DEBG] UART TX: 55AA0006000501010001010E
[2026-01-24 11:48:01] [INFO] Main Event Loop Iteration
[2026-01-24 11:48:01] [DEBG] Recv JSON: {"type": "send_mcu", "data": {"cmd": 8}}
[2026-01-24 11:48:01] [DEBG] UART TX: 55AA0008000007
[2026-01-24 11:48:01] [INFO] Main Event Loop Iteration
[2026-01-24 11:48:01] [DEBG] Recv JSON: {"type": "send_mcu", "data": {"cmd": 6, "payload": "0101000101"}}
[2026-01-24 11:48:01] [DEBG] UART TX: 55AA0006000501010001010E
[2026-01-24 11:48:01] [INFO] Main Event Loop Iteration
[2026-01-24 11:48:02] [DEBG] Recv JSON: {"type": "send_mcu", "data": {"cmd": 8}}
[2026-01-24 11:48:02] [DEBG] UART TX: 55AA0008000007
[2026-01-24 11:48:02] [INFO] Main Event Loop Iteration
[2026-01-24 11:48:02] [DEBG] Recv JSON: {"type": "send_mcu", "data": {"cmd": 6, "payload": "0101000101"}}
[2026-01-24 11:48:02] [DEBG] UART TX: 55AA0006000501010001010E
[2026-01-24 11:48:02] [INFO] Main Event Loop Iteration
[2026-01-24 11:48:02] [DEBG] Recv JSON: {"type": "send_mcu", "data": {"cmd": 8}}
[2026-01-24 11:48:02] [DEBG] UART TX: 55AA0008000007
[2026-01-24 11:48:02] [INFO] Main Event Loop Iteration
[2026-01-24 11:48:02] [DEBG] Recv JSON: {"type": "send_mcu", "data": {"cmd": 6, "payload": "0101000101"}}
[2026-01-24 11:48:02] [DEBG] UART TX: 55AA0006000501010001010E
[2026-01-24 11:48:02] [INFO] Main Event Loop Iteration
[2026-01-24 11:48:03] [DEBG] Recv JSON: {"type": "send_mcu", "data": {"cmd": 8}}
[2026-01-24 11:48:03] [DEBG] UART TX: 55AA0008000007
[2026-01-24 11:48:03] [INFO] Main Event Loop Iteration
[2026-01-24 11:48:03] [DEBG] Recv JSON: {"type": "send_mcu", "data": {"cmd": 6, "payload": "0101000101"}}
[2026-01-24 11:48:03] [DEBG] UART TX: 55AA0006000501010001010E
[2026-01-24 11:48:03] [INFO] Main Event Loop Iteration
[2026-01-24 11:48:03] [DEBG] Recv JSON: {"type": "send_mcu", "data": {"cmd": 8}}
[2026-01-24 11:48:03] [DEBG] UART TX: 55AA0008000007
[2026-01-24 11:48:03] [INFO] Main Event Loop Iteration
[2026-01-24 11:48:03] [DEBG] Recv JSON: {"type": "send_mcu", "data": {"cmd": 6, "payload": "0101000101"}}
[2026-01-24 11:48:03] [DEBG] UART TX: 55AA0006000501010001010E
[2026-01-24 11:48:03] [INFO] Main Event Loop Iteration
[2026-01-24 11:48:04] [DEBG] Recv JSON: {"type": "send_mcu", "data": {"cmd": 8}}
[2026-01-24 11:48:04] [DEBG] UART TX: 55AA0008000007
[2026-01-24 11:48:04] [INFO] Main Event Loop Iteration
[2026-01-24 11:48:04] [DEBG] Recv JSON: {"type": "send_mcu", "data": {"cmd": 6, "payload": "0101000101"}}
[2026-01-24 11:48:04] [DEBG] UART TX: 55AA0006000501010001010E
[2026-01-24 11:48:04] [INFO] Main Event Loop Iteration
[2026-01-24 11:48:04] [DEBG] Recv JSON: {"type": "send_mcu", "data": {"cmd": 8}}
[2026-01-24 11:48:04] [DEBG] UART TX: 55AA0008000007
[2026-01-24 11:48:04] [INFO] Main Event Loop Iteration
[2026-01-24 11:48:04] [DEBG] Recv JSON: {"type": "send_mcu", "data": {"cmd": 6, "payload": "0101000101"}}
[2026-01-24 11:48:04] [DEBG] UART TX: 55AA0006000501010001010E
[2026-01-24 11:48:04] [INFO] Main Event Loop Iteration
[2026-01-24 11:48:05] [DEBG] Recv JSON: {"type": "send_mcu", "data": {"cmd": 8}}
[2026-01-24 11:48:05] [DEBG] UART TX: 55AA0008000007
[2026-01-24 11:48:05] [INFO] Main Event Loop Iteration
[2026-01-24 11:48:05] [DEBG] Recv JSON: {"type": "send_mcu", "data": {"cmd": 6, "payload": "0101000101"}}
[2026-01-24 11:48:05] [DEBG] UART TX: 55AA0006000501010001010E
[2026-01-24 11:48:05] [INFO] Main Event Loop Iteration
[2026-01-24 11:48:05] [DEBG] Recv JSON: {"type": "send_mcu", "data": {"cmd": 8}}
[2026-01-24 11:48:05] [DEBG] UART TX: 55AA0008000007
[2026-01-24 11:48:05] [INFO] Main Event Loop Iteration
[2026-01-24 11:48:05] [DEBG] Recv JSON: {"type": "send_mcu", "data": {"cmd": 6, "payload": "0101000101"}}
[2026-01-24 11:48:05] [DEBG] UART TX: 55AA0006000501010001010E
[2026-01-24 11:48:05] [INFO] Main Event Loop Iteration
[2026-01-24 11:48:06] [DEBG] Recv JSON: {"type": "send_mcu", "data": {"cmd": 8}}
[2026-01-24 11:48:06] [DEBG] UART TX: 55AA0008000007
[2026-01-24 11:48:06] [INFO] Main Event Loop Iteration
[2026-01-24 11:48:06] [DEBG] Recv JSON: {"type": "send_mcu", "data": {"cmd": 6, "payload": "0101000101"}}
[2026-01-24 11:48:06] [DEBG] UART TX: 55AA0006000501010001010E
[2026-01-24 11:48:06] [INFO] Main Event Loop Iteration
[2026-01-24 11:48:06] [DEBG] Recv JSON: {"type": "send_mcu", "data": {"cmd": 8}}
[2026-01-24 11:48:06] [DEBG] UART TX: 55AA0008000007
[2026-01-24 11:48:06] [INFO] Main Event Loop Iteration
[2026-01-24 11:48:06] [DEBG] Recv JSON: {"type": "send_mcu", "data": {"cmd": 6, "payload": "0101000101"}}
[2026-01-24 11:48:06] [DEBG] UART TX: 55AA0006000501010001010E
[2026-01-24 11:48:06] [INFO] Main Event Loop Iteration
[2026-01-24 11:48:07] [DEBG] Recv JSON: {"type": "send_mcu", "data": {"cmd": 8}}
[2026-01-24 11:48:07] [DEBG] UART TX: 55AA0008000007
[2026-01-24 11:48:07] [INFO] Main Event Loop Iteration
[2026-01-24 11:48:07] [DEBG] Recv JSON: {"type": "send_mcu", "data": {"cmd": 6, "payload": "0101000101"}}
[2026-01-24 11:48:07] [DEBG] UART TX: 55AA0006000501010001010E
[2026-01-24 11:48:07] [INFO] Main Event Loop Iteration
[2026-01-24 11:48:07] [DEBG] Recv JSON: {"type": "send_mcu", "data": {"cmd": 8}}
[2026-01-24 11:48:07] [DEBG] UART TX: 55AA0008000007
[2026-01-24 11:48:07] [INFO] Main Event Loop Iteration
[2026-01-24 11:48:07] [DEBG] Recv JSON: {"type": "send_mcu", "data": {"cmd": 6, "payload": "0101000101"}}
[2026-01-24 11:48:07] [DEBG] UART TX: 55AA0006000501010001010E
[2026-01-24 11:48:07] [INFO] Main Event Loop Iteration
[2026-01-24 11:48:08] [DEBG] Recv JSON: {"type": "send_mcu", "data": {"cmd": 8}}
[2026-01-24 11:48:08] [DEBG] UART TX: 55AA0008000007
[2026-01-24 11:48:08] [INFO] Main Event Loop Iteration
[2026-01-24 11:48:08] [DEBG] Recv JSON: {"type": "send_mcu", "data": {"cmd": 6, "payload": "0101000101"}}
[2026-01-24 11:48:08] [DEBG] UART TX: 55AA0006000501010001010E
[2026-01-24 11:48:08] [INFO] Main Event Loop Iteration
[2026-01-24 11:48:08] [DEBG] Recv JSON: {"type": "send_mcu", "data": {"cmd": 8}}
[2026-01-24 11:48:08] [DEBG] UART TX: 55AA0008000007
[2026-01-24 11:48:08] [INFO] Main Event Loop Iteration
[2026-01-24 11:48:08] [DEBG] Recv JSON: {"type": "send_mcu", "data": {"cmd": 6, "payload": "0101000101"}}
[2026-01-24 11:48:08] [DEBG] UART TX: 55AA0006000501010001010E
[2026-01-24 11:48:08] [INFO] Main Event Loop Iteration
[2026-01-24 11:48:09] [DEBG] Recv JSON: {"type": "send_mcu", "data": {"cmd": 8}}
[2026-01-24 11:48:09] [DEBG] UART TX: 55AA0008000007
[2026-01-24 11:48:09] [INFO] Main Event Loop Iteration
[2026-01-24 11:48:09] [DEBG] Recv JSON: {"type": "send_mcu", "data": {"cmd": 6, "payload": "0101000101"}}
[2026-01-24 11:48:09] [DEBG] UART TX: 55AA0006000501010001010E
[2026-01-24 11:48:09] [INFO] Main Event Loop Iteration
[2026-01-24 11:48:09] [DEBG] Recv JSON: {"type": "send_mcu", "data": {"cmd": 8}}
[2026-01-24 11:48:09] [DEBG] UART TX: 55AA0008000007
[2026-01-24 11:48:09] [INFO] Main Event Loop Iteration
[2026-01-24 11:48:09] [DEBG] Recv JSON: {"type": "send_mcu", "data": {"cmd": 6, "payload": "0101000101"}}
[2026-01-24 11:48:09] [DEBG] UART TX: 55AA0006000501010001010E
[2026-01-24 11:48:09] [INFO] Main Event Loop Iteration
[2026-01-24 11:48:10] [DEBG] Recv JSON: {"type": "send_mcu", "data": {"cmd": 8}}
[2026-01-24 11:48:10] [DEBG] UART TX: 55AA0008000007
[2026-01-24 11:48:10] [INFO] Main Event Loop Iteration
[2026-01-24 11:48:10] [DEBG] Recv JSON: {"type": "send_mcu", "data": {"cmd": 6, "payload": "0101000101"}}
[2026-01-24 11:48:10] [DEBG] UART TX: 55AA0006000501010001010E
[2026-01-24 11:48:10] [INFO] Main Event Loop Iteration
[2026-01-24 11:48:10] [DEBG] Recv JSON: {"type": "send_mcu", "data": {"cmd": 8}}
[2026-01-24 11:48:10] [DEBG] UART TX: 55AA0008000007
[2026-01-24 11:48:10] [INFO] Main Event Loop Iteration
[2026-01-24 11:48:10] [DEBG] Recv JSON: {"type": "send_mcu", "data": {"cmd": 6, "payload": "0101000101"}}
[2026-01-24 11:48:10] [DEBG] UART TX: 55AA0006000501010001010E
[2026-01-24 11:48:10] [INFO] Main Event Loop Iteration
[2026-01-24 11:48:11] [DEBG] Recv JSON: {"type": "send_mcu", "data": {"cmd": 8}}
[2026-01-24 11:48:11] [DEBG] UART TX: 55AA0008000007
[2026-01-24 11:48:11] [INFO] Main Event Loop Iteration
[2026-01-24 11:48:11] [DEBG] Recv JSON: {"type": "send_mcu", "data": {"cmd": 6, "payload": "0101000101"}}
[2026-01-24 11:48:11] [DEBG] UART TX: 55AA0006000501010001010E
[2026-01-24 11:48:11] [INFO] Main Event Loop Iteration
[2026-01-24 11:48:11] [DEBG] Recv JSON: {"type": "send_mcu", "data": {"cmd": 8}}
[2026-01-24 11:48:11] [DEBG] UART TX: 55AA0008000007
[2026-01-24 11:48:11] [INFO] Main Event Loop Iteration
[2026-01-24 11:48:11] [DEBG] Recv JSON: {"type": "send_mcu", "data": {"cmd": 6, "payload": "0101000101"}}
[2026-01-24 11:48:11] [DEBG] UART TX: 55AA0006000501010001010E
[2026-01-24 11:48:11] [INFO] Main Event Loop Iteration
[2026-01-24 11:48:12] [DEBG] Recv JSON: {"type": "send_mcu", "data": {"cmd": 8}}
[2026-01-24 11:48:12] [DEBG] UART TX: 55AA0008000007
[2026-01-24 11:48:12] [INFO] Main Event Loop Iteration
[2026-01-24 11:48:12] [DEBG] Recv JSON: {"type": "send_mcu", "data": {"cmd": 6, "payload": "0101000101"}}
[2026-01-24 11:48:12] [DEBG] UART TX: 55AA0006000501010001010E
[2026-01-24 11:48:12] [INFO] Main Event Loop Iteration
[2026-01-24 11:48:12] [DEBG] Recv JSON: {"type": "send_mcu", "data": {"cmd": 8}}
[2026-01-24 11:48:12] [DEBG] UART TX: 55AA0008000007
[2026-01-24 11:48:12] [INFO] Main Event Loop Iteration
[2026-01-24 11:48:12] [DEBG] Recv JSON: {"type": "send_mcu", "data": {"cmd": 6, "payload": "0101000101"}}
[2026-01-24 11:48:12] [DEBG] UART TX: 55AA0006000501010001010E
[2026-01-24 11:48:12] [INFO] Main Event Loop Iteration
[2026-01-24 11:48:13] [DEBG] Recv JSON: {"type": "send_mcu", "data": {"cmd": 8}}
[2026-01-24 11:48:13] [DEBG] UART TX: 55AA0008000007
[2026-01-24 11:48:13] [INFO] Main Event Loop Iteration
[2026-01-24 11:48:13] [DEBG] Recv JSON: {"type": "send_mcu", "data": {"cmd": 6, "payload": "0101000101"}}
[2026-01-24 11:48:13] [DEBG] UART TX: 55AA0006000501010001010E
[2026-01-24 11:48:13] [INFO] Main Event Loop Iteration
[2026-01-24 11:48:13] [DEBG] Recv JSON: {"type": "send_mcu", "data": {"cmd": 8}}
[2026-01-24 11:48:13] [DEBG] UART TX: 55AA0008000007
[2026-01-24 11:48:13] [INFO] Main Event Loop Iteration
[2026-01-24 11:48:13] [DEBG] Recv JSON: {"type": "send_mcu", "data": {"cmd": 6, "payload": "0101000101"}}
[2026-01-24 11:48:13] [DEBG] UART TX: 55AA0006000501010001010E
[2026-01-24 11:48:13] [INFO] Main Event Loop Iteration
[2026-01-24 11:48:14] [DEBG] Recv JSON: {"type": "send_mcu", "data": {"cmd": 8}}
[2026-01-24 11:48:14] [DEBG] UART TX: 55AA0008000007
[2026-01-24 11:48:14] [INFO] Main Event Loop Iteration
[2026-01-24 11:48:14] [DEBG] Recv JSON: {"type": "send_mcu", "data": {"cmd": 6, "payload": "0101000101"}}
[2026-01-24 11:48:14] [DEBG] UART TX: 55AA0006000501010001010E
[2026-01-24 11:48:14] [INFO] Main Event Loop Iteration
[2026-01-24 11:48:14] [DEBG] Recv JSON: {"type": "send_mcu", "data": {"cmd": 8}}
[2026-01-24 11:48:14] [DEBG] UART TX: 55AA0008000007
[2026-01-24 11:48:14] [INFO] Main Event Loop Iteration
[2026-01-24 11:48:14] [DEBG] Recv JSON: {"type": "send_mcu", "data": {"cmd": 6, "payload": "0101000101"}}
[2026-01-24 11:48:14] [DEBG] UART TX: 55AA0006000501010001010E
[2026-01-24 11:48:14] [INFO] Main Event Loop Iteration
[2026-01-24 11:48:15] [DEBG] Recv JSON: {"type": "send_mcu", "data": {"cmd": 8}}
[2026-01-24 11:48:15] [DEBG] UART TX: 55AA0008000007
[2026-01-24 11:48:15] [INFO] Main Event Loop Iteration
[2026-01-24 11:48:15] [DEBG] Recv JSON: {"type": "send_mcu", "data": {"cmd": 6, "payload": "0101000101"}}
[2026-01-24 11:48:15] [DEBG] UART TX: 55AA0006000501010001010E
[2026-01-24 11:48:15] [INFO] Main Event Loop Iteration
[2026-01-24 11:48:15] [DEBG] Recv JSON: {"type": "send_mcu", "data": {"cmd": 8}}
[2026-01-24 11:48:15] [DEBG] UART TX: 55AA0008000007
[2026-01-24 11:48:15] [INFO] Main Event Loop Iteration
[2026-01-24 11:48:15] [DEBG] Recv JSON: {"type": "send_mcu", "data": {"cmd": 6, "payload": "0101000101"}}
[2026-01-24 11:48:15] [DEBG] UART TX: 55AA0006000501010001010E
[2026-01-24 11:48:15] [INFO] Main Event Loop Iteration
[2026-01-24 11:48:16] [DEBG] Recv JSON: {"type": "send_mcu", "data": {"cmd": 8}}
[2026-01-24 11:48:16] [DEBG] UART TX: 55AA0008000007
[2026-01-24 11:48:16] [INFO] Main Event Loop Iteration
[2026-01-24 11:48:16] [DEBG] Recv JSON: {"type": "send_mcu", "data": {"cmd": 6, "payload": "0101000101"}}
[2026-01-24 11:48:16] [DEBG] UART TX: 55AA0006000501010001010E
[2026-01-24 11:48:16] [INFO] Main Event Loop Iteration
[2026-01-24 11:48:16] [DEBG] Recv JSON: {"type": "send_mcu", "data": {"cmd": 8}}
[2026-01-24 11:48:16] [DEBG] UART TX: 55AA0008000007
[2026-01-24 11:48:16] [INFO] Main Event Loop Iteration
[2026-01-24 11:48:16] [DEBG] Recv JSON: {"type": "send_mcu", "data": {"cmd": 6, "payload": "0101000101"}}
[2026-01-24 11:48:16] [DEBG] UART TX: 55AA0006000501010001010E
[2026-01-24 11:48:16] [INFO] Main Event Loop Iteration
[2026-01-24 11:48:17] [DEBG] Recv JSON: {"type": "send_mcu", "data": {"cmd": 8}}
[2026-01-24 11:48:17] [DEBG] UART TX: 55AA0008000007
[2026-01-24 11:48:17] [INFO] Main Event Loop Iteration
[2026-01-24 11:48:17] [DEBG] Recv JSON: {"type": "send_mcu", "data": {"cmd": 6, "payload": "0101000101"}}
[2026-01-24 11:48:17] [DEBG] UART TX: 55AA0006000501010001010E
[2026-01-24 11:48:17] [INFO] Main Event Loop Iteration
[2026-01-24 11:48:17] [DEBG] Recv JSON: {"type": "send_mcu", "data": {"cmd": 8}}
[2026-01-24 11:48:17] [DEBG] UART TX: 55AA0008000007
[2026-01-24 11:48:17] [INFO] Main Event Loop Iteration
[2026-01-24 11:48:17] [DEBG] Recv JSON: {"type": "send_mcu", "data": {"cmd": 6, "payload": "0101000101"}}
[2026-01-24 11:48:17] [DEBG] UART TX: 55AA0006000501010001010E
[2026-01-24 11:48:17] [INFO] Main Event Loop Iteration
[2026-01-24 11:48:18] [DEBG] Recv JSON: {"type": "send_mcu", "data": {"cmd": 8}}
[2026-01-24 11:48:18] [DEBG] UART TX: 55AA0008000007
[2026-01-24 11:48:18] [INFO] Main Event Loop Iteration
[2026-01-24 11:48:18] [DEBG] Recv JSON: {"type": "send_mcu", "data": {"cmd": 6, "payload": "0101000101"}}
[2026-01-24 11:48:18] [DEBG] UART TX: 55AA0006000501010001010E
[2026-01-24 11:48:18] [INFO] Main Event Loop Iteration
[2026-01-24 11:48:18] [DEBG] Recv JSON: {"type": "send_mcu", "data": {"cmd": 8}}
[2026-01-24 11:48:18] [DEBG] UART TX: 55AA0008000007
[2026-01-24 11:48:18] [INFO] Main Event Loop Iteration
[2026-01-24 11:48:18] [DEBG] Recv JSON: {"type": "send_mcu", "data": {"cmd": 6, "payload": "0101000101"}}
[2026-01-24 11:48:18] [DEBG] UART TX: 55AA0006000501010001010E
[2026-01-24 11:48:18] [INFO] Main Event Loop Iteration
[2026-01-24 11:48:19] [DEBG] Recv JSON: {"type": "send_mcu", "data": {"cmd": 8}}
[2026-01-24 11:48:19] [DEBG] UART TX: 55AA0008000007
[2026-01-24 11:48:19] [INFO] Main Event Loop Iteration
[2026-01-24 11:48:19] [DEBG] Recv JSON: {"type": "send_mcu", "data": {"cmd": 6, "payload": "0101000101"}}
[2026-01-24 11:48:19] [DEBG] UART TX: 55AA0006000501010001010E
[2026-01-24 11:48:19] [INFO] Main Event Loop Iteration
[2026-01-24 11:48:19] [DEBG] Recv JSON: {"type": "send_mcu", "data": {"cmd": 8}}
[2026-01-24 11:48:19] [DEBG] UART TX: 55AA0008000007
[2026-01-24 11:48:19] [INFO] Main Event Loop Iteration
[2026-01-24 11:48:19] [DEBG] Recv JSON: {"type": "send_mcu", "data": {"cmd": 6, "payload": "0101000101"}}
[2026-01-24 11:48:19] [DEBG] UART TX: 55AA0006000501010001010E
[2026-01-24 11:48:19] [INFO] Main Event Loop Iteration
[2026-01-24 11:48:20] [DEBG] Recv JSON: {"type": "send_mcu", "data": {"cmd": 8}}
[2026-01-24 11:48:20] [DEBG] UART TX: 55AA0008000007
[2026-01-24 11:48:20] [INFO] Main Event Loop Iteration
[2026-01-24 11:48:20] [DEBG] Recv JSON: {"type": "send_mcu", "data": {"cmd": 6, "payload": "0101000101"}}
[2026-01-24 11:48:20] [DEBG] UART TX: 55AA0006000501010001010E
[2026-01-24 11:48:20] [INFO] Main Event Loop Iteration
[2026-01-24 11:48:20] [DEBG] Recv JSON: {"type": "send_mcu", "data": {"cmd": 8}}
[2026-01-24 11:48:20] [DEBG] UART TX: 55AA0008000007
[2026-01-24 11:48:20] [INFO] Main Event Loop Iteration
[2026-01-24 11:48:20] [DEBG] Recv JSON: {"type": "send_mcu", "data": {"cmd": 6, "payload": "0101000101"}}
[2026-01-24 11:48:20] [DEBG] UART TX: 55AA0006000501010001010E
[2026-01-24 11:48:20] [INFO] Main Event Loop Iteration
[2026-01-24 11:48:21] [DEBG] Recv JSON: {"type": "send_mcu", "data": {"cmd": 8}}
[2026-01-24 11:48:21] [DEBG] UART TX: 55AA0008000007
[2026-01-24 11:48:21] [INFO] Main Event Loop Iteration
[2026-01-24 11:48:21] [DEBG] Recv JSON: {"type": "send_mcu", "data": {"cmd": 6, "payload": "0101000101"}}
[2026-01-24 11:48:21] [DEBG] UART TX: 55AA0006000501010001010E
[2026-01-24 11:48:21] [INFO] Main Event Loop Iteration
[2026-01-24 11:48:21] [DEBG] Recv JSON: {"type": "send_mcu", "data": {"cmd": 8}}
[2026-01-24 11:48:21] [DEBG] UART TX: 55AA0008000007
[2026-01-24 11:48:21] [INFO] Main Event Loop Iteration
[2026-01-24 11:48:21] [DEBG] Recv JSON: {"type": "send_mcu", "data": {"cmd": 6, "payload": "0101000101"}}
[2026-01-24 11:48:21] [DEBG] UART TX: 55AA0006000501010001010E
[2026-01-24 11:48:21] [INFO] Main Event Loop Iteration
[2026-01-24 11:48:22] [DEBG] Recv JSON: {"type": "send_mcu", "data": {"cmd": 8}}
[2026-01-24 11:48:22] [DEBG] UART TX: 55AA0008000007
[2026-01-24 11:48:22] [INFO] Main Event Loop Iteration
[2026-01-24 11:48:22] [DEBG] Recv JSON: {"type": "send_mcu", "data": {"cmd": 6, "payload": "0101000101"}}
[2026-01-24 11:48:22] [DEBG] UART TX: 55AA0006000501010001010E
[2026-01-24 11:48:22] [INFO] Main Event Loop Iteration
[2026-01-24 11:48:22] [DEBG] Recv JSON: {"type": "send_mcu", "data": {"cmd": 8}}
[2026-01-24 11:48:22] [DEBG] UART TX: 55AA0008000007
[2026-01-24 11:48:22] [INFO] Main Event Loop Iteration
[2026-01-24 11:48:22] [DEBG] Recv JSON: {"type": "send_mcu", "data": {"cmd": 6, "payload": "0101000101"}}
[2026-01-24 11:48:22] [DEBG] UART TX: 55AA0006000501010001010E
[2026-01-24 11:48:22] [INFO] Main Event Loop Iteration
[2026-01-24 11:48:23] [DEBG] Recv JSON: {"type": "send_mcu", "data": {"cmd": 8}}
[2026-01-24 11:48:23] [DEBG] UART TX: 55AA0008000007
[2026-01-24 11:48:23] [INFO] Main Event Loop Iteration
[2026-01-24 11:48:23] [DEBG] Recv JSON: {"type": "send_mcu", "data": {"cmd": 6, "payload": "0101000101"}}
[2026-01-24 11:48:23] [DEBG] UART TX: 55AA0006000501010001010E
[2026-01-24 11:48:23] [INFO] Main Event Loop Iteration
[2026-01-24 11:48:23] [DEBG] Recv JSON: {"type": "send_mcu", "data": {"cmd": 8}}
[2026-01-24 11:48:23] [DEBG] UART TX: 55AA0008000007
[2026-01-24 11:48:23] [INFO] Main Event Loop Iteration
[2026-01-24 11:48:23] [DEBG] Recv JSON: {"type": "send_mcu", "data": {"cmd": 6, "payload": "0101000101"}}
[2026-01-24 11:48:23] [DEBG] UART TX: 55AA0006000501010001010E
[2026-01-24 11:48:23] [INFO] Main Event Loop Iteration
[2026-01-24 11:48:24] [DEBG] Recv JSON: {"type": "send_mcu", "data": {"cmd": 8}}
[2026-01-24 11:48:24] [DEBG] UART TX: 55AA0008000007
[2026-01-24 11:48:24] [INFO] Main Event Loop Iteration
[2026-01-24 11:48:24] [DEBG] Recv JSON: {"type": "send_mcu", "data": {"cmd": 6, "payload": "0101000101"}}
[2026-01-24 11:48:24] [DEBG] UART TX: 55AA0006000501010001010E
[2026-01-24 11:48:24] [INFO] Main Event Loop Iteration
[2026-01-24 11:48:24] [DEBG] Recv JSON: {"type": "send_mcu", "data": {"cmd": 8}}
[2026-01-24 11:48:24] [DEBG] UART TX: 55AA0008000007
[2026-01-24 11:48:24] [INFO] Main Event Loop Iteration
[2026-01-24 11:48:24] [DEBG] Recv JSON: {"type": "send_mcu", "data": {"cmd": 6, "payload": "0101000101"}}
[2026-01-24 11:48:24] [DEBG] UART TX: 55AA0006000501010001010E
[2026-01-24 11:48:24] [INFO] Main Event Loop Iteration
[2026-01-24 11:48:25] [DEBG] Recv JSON: {"type": "send_mcu", "data": {"cmd": 8}}
[2026-01-24 11:48:25] [DEBG] UART TX: 55AA0008000007
[2026-01-24 11:48:25] [INFO] Main Event Loop Iteration
[2026-01-24 11:48:25] [DEBG] Recv JSON: {"type": "send_mcu", "data": {"cmd": 6, "payload": "0101000101"}}
[2026-01-24 11:48:25] [DEBG] UART TX: 55AA0006000501010001010E
[2026-01-24 11:48:25] [INFO] Main Event Loop Iteration
[2026-01-24 11:48:25] [DEBG] Recv JSON: {"type": "send_mcu", "data": {"cmd": 8}}
[2026-01-24 11:48:25] [DEBG] UART TX: 55AA0008000007
[2026-01-24 11:48:25] [INFO] Main Event Loop Iteration
[2026-01-24 11:48:25] [DEBG] Recv JSON: {"type": "send_mcu", "data": {"cmd": 6, "payload": "0101000101"}}
[2026-01-24 11:48:25] [DEBG] UART TX: 55AA0006000501010001010E
[2026-01-24 11:48:25] [INFO] Main Event Loop Iteration
[2026-01-24 11:48:26] [DEBG] Recv JSON: {"type": "send_mcu", "data": {"cmd": 8}}
[2026-01-24 11:48:26] [DEBG] UART TX: 55AA0008000007
[2026-01-24 11:48:26] [INFO] Main Event Loop Iteration
[2026-01-24 11:48:26] [DEBG] Recv JSON: {"type": "send_mcu", "data": {"cmd": 6, "payload": "0101000101"}}
[2026-01-24 11:48:26] [DEBG] UART TX: 55AA0006000501010001010E
[2026-01-24 11:48:26] [INFO] Main Event Loop Iteration
[2026-01-24 11:48:26] [DEBG] Recv JSON: {"type": "send_mcu", "data": {"cmd": 8}}
[2026-01-24 11:48:26] [DEBG] UART TX: 55AA0008000007
[2026-01-24 11:48:26] [INFO] Main Event Loop Iteration
[2026-01-24 11:48:26] [DEBG] Recv JSON: {"type": "send_mcu", "data": {"cmd": 6, "payload": "0101000101"}}
[2026-01-24 11:48:26] [DEBG] UART TX: 55AA0006000501010001010E
[2026-01-24 11:48:26] [INFO] Main Event Loop Iteration
[2026-01-24 11:48:27] [DEBG] Recv JSON: {"type": "send_mcu", "data": {"cmd": 8}}
[2026-01-24 11:48:27] [DEBG] UART TX: 55AA0008000007
[2026-01-24 11:48:27] [INFO] Main Event Loop Iteration
[2026-01-24 11:48:27] [DEBG] Recv JSON: {"type": "send_mcu", "data": {"cmd": 6, "payload": "0101000101"}}
[2026-01-24 11:48:27] [DEBG] UART TX: 55AA0006000501010001010E
[2026-01-24 11:48:27] [INFO] Main Event Loop Iteration
[2026-01-24 11:48:27] [DEBG] Recv JSON: {"type": "send_mcu", "data": {"cmd": 8}}
[2026-01-24 11:48:27] [DEBG] UART TX: 55AA0008000007
[2026-01-24 11:48:27] [INFO] Main Event Loop Iteration
[2026-01-24 11:48:27] [DEBG] Recv JSON: {"type": "send_mcu", "data": {"cmd": 6, "payload": "0101000101"}}
[2026-01-24 11:48:27] [DEBG] UART TX: 55AA0006000501010001010E
[2026-01-24 11:48:27] [INFO] Main Event Loop Iteration
[2026-01-24 11:48:28] [DEBG] Recv JSON: {"type": "send_mcu", "data": {"cmd": 8}}
[2026-01-24 11:48:28] [DEBG] UART TX: 55AA0008000007
[2026-01-24 11:48:28] [INFO] Main Event Loop Iteration
[2026-01-24 11:48:28] [DEBG] Recv JSON: {"type": "send_mcu", "data": {"cmd": 6, "payload": "0101000101"}}
[2026-01-24 11:48:28] [DEBG] UART TX: 55AA0006000501010001010E
[2026-01-24 11:48:28] [INFO] Main Event Loop Iteration
[2026-01-24 11:48:28] [DEBG] Recv JSON: {"type": "send_mcu", "data": {"cmd": 8}}
[2026-01-24 11:48:28] [DEBG] UART TX: 55AA0008000007
[2026-01-24 11:48:28] [INFO] Main Event Loop Iteration
[2026-01-24 11:48:28] [DEBG] Recv JSON: {"type": "send_mcu", "data": {"cmd": 6, "payload": "0101000101"}}
[2026-01-24 11:48:28] [DEBG] UART TX: 55AA0006000501010001010E
[2026-01-24 11:48:28] [INFO] Main Event Loop Iteration
[2026-01-24 11:48:29] [DEBG] Recv JSON: {"type": "send_mcu", "data": {"cmd": 8}}
[2026-01-24 11:48:29] [DEBG] UART TX: 55AA0008000007
[2026-01-24 11:48:29] [INFO] Main Event Loop Iteration
[2026-01-24 11:48:29] [DEBG] Recv JSON: {"type": "send_mcu", "data": {"cmd": 6, "payload": "0101000101"}}
[2026-01-24 11:48:29] [DEBG] UART TX: 55AA0006000501010001010E
[2026-01-24 11:48:29] [INFO] Main Event Loop Iteration
[2026-01-24 11:48:29] [DEBG] Recv JSON: {"type": "send_mcu", "data": {"cmd": 8}}
[2026-01-24 11:48:29] [DEBG] UART TX: 55AA0008000007
[2026-01-24 11:48:29] [INFO] Main Event Loop Iteration
[2026-01-24 11:48:29] [DEBG] Recv JSON: {"type": "send_mcu", "data": {"cmd": 6, "payload": "0101000101"}}
[2026-01-24 11:48:29] [DEBG] UART TX: 55AA0006000501010001010E
[2026-01-24 11:48:29] [INFO] Main Event Loop Iteration
[2026-01-24 11:48:30] [DEBG] Recv JSON: {"type": "send_mcu", "data": {"cmd": 8}}
[2026-01-24 11:48:30] [DEBG] UART TX: 55AA0008000007
[2026-01-24 11:48:30] [INFO] Main Event Loop Iteration
[2026-01-24 11:48:30] [DEBG] Recv JSON: {"type": "send_mcu", "data": {"cmd": 6, "payload": "0101000101"}}
[2026-01-24 11:48:30] [DEBG] UART TX: 55AA0006000501010001010E
[2026-01-24 11:48:30] [INFO] Main Event Loop Iteration
[2026-01-24 11:48:30] [DEBG] Recv JSON: {"type": "send_mcu", "data": {"cmd": 8}}
[2026-01-24 11:48:30] [DEBG] UART TX: 55AA0008000007
[2026-01-24 11:48:30] [INFO] Main Event Loop Iteration
[2026-01-24 11:48:30] [DEBG] Recv JSON: {"type": "send_mcu", "data": {"cmd": 6, "payload": "0101000101"}}
[2026-01-24 11:48:30] [DEBG] UART TX: 55AA0006000501010001010E
[2026-01-24 11:48:30] [INFO] Main Event Loop Iteration
[2026-01-24 11:48:31] [DEBG] Recv JSON: {"type": "send_mcu", "data": {"cmd": 8}}
[2026-01-24 11:48:31] [DEBG] UART TX: 55AA0008000007
[2026-01-24 11:48:31] [INFO] Main Event Loop Iteration
[2026-01-24 11:48:31] [DEBG] Recv JSON: {"type": "send_mcu", "data": {"cmd": 6, "payload": "0101000101"}}
[2026-01-24 11:48:31] [DEBG] UART TX: 55AA0006000501010001010E
[2026-01-24 11:48:31] [INFO] Main Event Loop Iteration
[2026-01-24 11:48:31] [DEBG] Recv JSON: {"type": "send_mcu", "data": {"cmd": 8}}
[2026-01-24 11:48:31] [DEBG] UART TX: 55AA0008000007
[2026-01-24 11:48:31] [INFO] Main Event Loop Iteration
[2026-01-24 11:48:31] [DEBG] Recv JSON: {"type": "send_mcu", "data": {"cmd": 6, "payload": "0101000101"}}
[2026-01-24 11:48:31] [DEBG] UART TX: 55AA0006000501010001010E
[2026-01-24 11:48:31] [INFO] Main Event Loop Iteration
[2026-01-24 11:48:32] [DEBG] Recv JSON: {"type": "send_mcu", "data": {"cmd": 8}}
[2026-01-24 11:48:32] [DEBG] UART TX: 55AA0008000007
[2026-01-24 11:48:32] [INFO] Main Event Loop Iteration
[2026-01-24 11:48:32] [DEBG] Recv JSON: {"type": "send_mcu", "data": {"cmd": 6, "payload": "0101000101"}}
[2026-01-24 11:48:32] [DEBG] UART TX: 55AA0006000501010001010E
[2026-01-24 11:48:32] [INFO] Main Event Loop Iteration
[2026-01-24 11:48:32] [DEBG] Recv JSON: {"type": "send_mcu", "data": {"cmd": 8}}
[2026-01-24 11:48:32] [DEBG] UART TX: 55AA0008000007
[2026-01-24 11:48:32] [INFO] Main Event Loop Iteration
[2026-01-24 11:48:32] [DEBG] Recv JSON: {"type": "send_mcu", "data": {"cmd": 6, "payload": "0101000101"}}
[2026-01-24 11:48:32] [DEBG] UART TX: 55AA0006000501010001010E
[2026-01-24 11:48:32] [INFO] Main Event Loop Iteration
[2026-01-24 11:48:33] [DEBG] Recv JSON: {"type": "send_mcu", "data": {"cmd": 8}}
[2026-01-24 11:48:33] [DEBG] UART TX: 55AA0008000007
[2026-01-24 11:48:33] [INFO] Main Event Loop Iteration
[2026-01-24 11:48:33] [DEBG] Recv JSON: {"type": "send_mcu", "data": {"cmd": 6, "payload": "0101000101"}}
[2026-01-24 11:48:33] [DEBG] UART TX: 55AA0006000501010001010E
[2026-01-24 11:48:33] [INFO] Main Event Loop Iteration
[2026-01-24 11:48:33] [DEBG] Recv JSON: {"type": "send_mcu", "data": {"cmd": 8}}
[2026-01-24 11:48:33] [DEBG] UART TX: 55AA0008000007
[2026-01-24 11:48:33] [INFO] Main Event Loop Iteration
[2026-01-24 11:48:33] [DEBG] Recv JSON: {"type": "send_mcu", "data": {"cmd": 6, "payload": "0101000101"}}
[2026-01-24 11:48:33] [DEBG] UART TX: 55AA0006000501010001010E
[2026-01-24 11:48:33] [INFO] Main Event Loop Iteration
[2026-01-24 11:48:34] [DEBG] Recv JSON: {"type": "send_mcu", "data": {"cmd": 8}}
[2026-01-24 11:48:34] [DEBG] UART TX: 55AA0008000007
[2026-01-24 11:48:34] [INFO] Main Event Loop Iteration
[2026-01-24 11:48:34] [DEBG] Recv JSON: {"type": "send_mcu", "data": {"cmd": 6, "payload": "0101000101"}}
[2026-01-24 11:48:34] [DEBG] UART TX: 55AA0006000501010001010E
[2026-01-24 11:48:34] [INFO] Main Event Loop Iteration
[2026-01-24 11:48:34] [DEBG] Recv JSON: {"type": "send_mcu", "data": {"cmd": 8}}
[2026-01-24 11:48:34] [DEBG] UART TX: 55AA0008000007
[2026-01-24 11:48:34] [INFO] Main Event Loop Iteration
[2026-01-24 11:48:34] [DEBG] Recv JSON: {"type": "send_mcu", "data": {"cmd": 6, "payload": "0101000101"}}
[2026-01-24 11:48:34] [DEBG] UART TX: 55AA0006000501010001010E
[2026-01-24 11:48:34] [INFO] Main Event Loop Iteration
[2026-01-24 11:48:35] [DEBG] Recv JSON: {"type": "send_mcu", "data": {"cmd": 8}}
[2026-01-24 11:48:35] [DEBG] UART TX: 55AA0008000007
[2026-01-24 11:48:35] [INFO] Main Event Loop Iteration
[2026-01-24 11:48:35] [DEBG] Recv JSON: {"type": "send_mcu", "data": {"cmd": 6, "payload": "0101000101"}}
[2026-01-24 11:48:35] [DEBG] UART TX: 55AA0006000501010001010E
[2026-01-24 11:48:35] [INFO] Main Event Loop Iteration
[2026-01-24 11:48:35] [DEBG] Recv JSON: {"type": "send_mcu", "data": {"cmd": 8}}
[2026-01-24 11:48:35] [DEBG] UART TX: 55AA0008000007
[2026-01-24 11:48:35] [INFO] Main Event Loop Iteration
[2026-01-24 11:48:35] [DEBG] Recv JSON: {"type": "send_mcu", "data": {"cmd": 6, "payload": "0101000101"}}
[2026-01-24 11:48:35] [DEBG] UART TX: 55AA0006000501010001010E
[2026-01-24 11:48:35] [INFO] Main Event Loop Iteration
[2026-01-24 11:48:36] [DEBG] Recv JSON: {"type": "send_mcu", "data": {"cmd": 8}}
[2026-01-24 11:48:36] [DEBG] UART TX: 55AA0008000007
[2026-01-24 11:48:36] [INFO] Main Event Loop Iteration
[2026-01-24 11:48:36] [DEBG] Recv JSON: {"type": "send_mcu", "data": {"cmd": 6, "payload": "0101000101"}}
[2026-01-24 11:48:36] [DEBG] UART TX: 55AA0006000501010001010E
[2026-01-24 11:48:36] [INFO] Main Event Loop Iteration
[2026-01-24 11:48:36] [DEBG] Recv JSON: {"type": "send_mcu", "data": {"cmd": 8}}
[2026-01-24 11:48:36] [DEBG] UART TX: 55AA0008000007
[2026-01-24 11:48:36] [INFO] Main Event Loop Iteration
[2026-01-24 11:48:36] [DEBG] Recv JSON: {"type": "send_mcu", "data": {"cmd": 6, "payload": "0101000101"}}
[2026-01-24 11:48:36] [DEBG] UART TX: 55AA0006000501010001010E
[2026-01-24 11:48:36] [INFO] Main Event Loop Iteration
[2026-01-24 11:48:37] [DEBG] Recv JSON: {"type": "send_mcu", "data": {"cmd": 8}}
[2026-01-24 11:48:37] [DEBG] UART TX: 55AA0008000007
[2026-01-24 11:48:37] [INFO] Main Event Loop Iteration
[2026-01-24 11:48:37] [DEBG] Recv JSON: {"type": "send_mcu", "data": {"cmd": 6, "payload": "0101000101"}}
[2026-01-24 11:48:37] [DEBG] UART TX: 55AA0006000501010001010E
[2026-01-24 11:48:37] [INFO] Main Event Loop Iteration
[2026-01-24 11:48:37] [DEBG] Recv JSON: {"type": "send_mcu", "data": {"cmd": 8}}
[2026-01-24 11:48:37] [DEBG] UART TX: 55AA0008000007
[2026-01-24 11:48:37] [INFO] Main Event Loop Iteration
[2026-01-24 11:48:37] [DEBG] Recv JSON: {"type": "send_mcu", "data": {"cmd": 6, "payload": "0101000101"}}
[2026-01-24 11:48:37] [DEBG] UART TX: 55AA0006000501010001010E
[2026-01-24 11:48:37] [INFO] Main Event Loop Iteration
[2026-01-24 11:48:38] [DEBG] Recv JSON: {"type": "send_mcu", "data": {"cmd": 8}}
[2026-01-24 11:48:38] [DEBG] UART TX: 55AA0008000007
[2026-01-24 11:48:38] [INFO] Main Event Loop Iteration
[2026-01-24 11:48:38] [DEBG] Recv JSON: {"type": "send_mcu", "data": {"cmd": 6, "payload": "0101000101"}}
[2026-01-24 11:48:38] [DEBG] UART TX: 55AA0006000501010001010E
[2026-01-24 11:48:38] [INFO] Main Event Loop Iteration
[2026-01-24 11:48:38] [DEBG] Recv JSON: {"type": "send_mcu", "data": {"cmd": 8}}
[2026-01-24 11:48:38] [DEBG] UART TX: 55AA0008000007
[2026-01-24 11:48:38] [INFO] Main Event Loop Iteration
[2026-01-24 11:48:38] [DEBG] Recv JSON: {"type": "send_mcu", "data": {"cmd": 6, "payload": "0101000101"}}
[2026-01-24 11:48:38] [DEBG] UART TX: 55AA0006000501010001010E
[2026-01-24 11:48:38] [INFO] Main Event Loop Iteration
[2026-01-24 11:48:39] [DEBG] Recv JSON: {"type": "send_mcu", "data": {"cmd": 8}}
[2026-01-24 11:48:39] [DEBG] UART TX: 55AA0008000007
[2026-01-24 11:48:39] [INFO] Main Event Loop Iteration
[2026-01-24 11:48:39] [DEBG] Recv JSON: {"type": "send_mcu", "data": {"cmd": 6, "payload": "0101000101"}}
[2026-01-24 11:48:39] [DEBG] UART TX: 55AA0006000501010001010E
[2026-01-24 11:48:39] [INFO] Main Event Loop Iteration
[2026-01-24 11:48:39] [DEBG] Recv JSON: {"type": "send_mcu", "data": {"cmd": 8}}
[2026-01-24 11:48:39] [DEBG] UART TX: 55AA0008000007
[2026-01-24 11:48:39] [INFO] Main Event Loop Iteration
[2026-01-24 11:48:39] [DEBG] Recv JSON: {"type": "send_mcu", "data": {"cmd": 6, "payload": "0101000101"}}
[2026-01-24 11:48:39] [DEBG] UART TX: 55AA0006000501010001010E
[2026-01-24 11:48:39] [INFO] Main Event Loop Iteration
[2026-01-24 11:48:40] [DEBG] Recv JSON: {"type": "send_mcu", "data": {"cmd": 8}}
[2026-01-24 11:48:40] [DEBG] UART TX: 55AA0008000007
[2026-01-24 11:48:40] [INFO] Main Event Loop Iteration
[2026-01-24 11:48:40] [DEBG] Recv JSON: {"type": "send_mcu", "data": {"cmd": 6, "payload": "0101000101"}}
[2026-01-24 11:48:40] [DEBG] UART TX: 55AA0006000501010001010E
[2026-01-24 11:48:40] [INFO] Main Event Loop Iteration
[2026-01-24 11:48:40] [DEBG] Recv JSON: {"type": "send_mcu", "data": {"cmd": 8}}
[2026-01-24 11:48:40] [DEBG] UART TX: 55AA0008000007
[2026-01-24 11:48:40] [INFO] Main Event Loop Iteration
[2026-01-24 11:48:40] [DEBG] Recv JSON: {"type": "send_mcu", "data": {"cmd": 6, "payload": "0101000101"}}
[2026-01-24 11:48:40] [DEBG] UART TX: 55AA0006000501010001010E
[2026-01-24 11:48:40] [INFO] Main Event Loop Iteration
[2026-01-24 11:48:41] [DEBG] Recv JSON: {"type": "send_mcu", "data": {"cmd": 8}}
[2026-01-24 11:48:41] [DEBG] UART TX: 55AA0008000007
[2026-01-24 11:48:41] [INFO] Main Event Loop Iteration
[2026-01-24 11:48:41] [DEBG] Recv JSON: {"type": "send_mcu", "data": {"cmd": 6, "payload": "0101000101"}}
[2026-01-24 11:48:41] [DEBG] UART TX: 55AA0006000501010001010E
[2026-01-24 11:48:41] [INFO] Main Event Loop Iteration
[2026-01-24 11:48:41] [DEBG] Recv JSON: {"type": "send_mcu", "data": {"cmd": 8}}
[2026-01-24 11:48:41] [DEBG] UART TX: 55AA0008000007
[2026-01-24 11:48:41] [INFO] Main Event Loop Iteration
[2026-01-24 11:48:41] [DEBG] Recv JSON: {"type": "send_mcu", "data": {"cmd": 6, "payload": "0101000101"}}
[2026-01-24 11:48:41] [DEBG] UART TX: 55AA0006000501010001010E
[2026-01-24 11:48:41] [INFO] Main Event Loop Iteration
[2026-01-24 11:48:42] [DEBG] Recv JSON: {"type": "send_mcu", "data": {"cmd": 8}}
[2026-01-24 11:48:42] [DEBG] UART TX: 55AA0008000007
[2026-01-24 11:48:42] [INFO] Main Event Loop Iteration
[2026-01-24 11:48:42] [DEBG] Recv JSON: {"type": "send_mcu", "data": {"cmd": 6, "payload": "0101000101"}}
[2026-01-24 11:48:42] [DEBG] UART TX: 55AA0006000501010001010E
[2026-01-24 11:48:42] [INFO] Main Event Loop Iteration
[2026-01-24 11:48:42] [DEBG] Recv JSON: {"type": "send_mcu", "data": {"cmd": 8}}
[2026-01-24 11:48:42] [DEBG] UART TX: 55AA0008000007
[2026-01-24 11:48:42] [INFO] Main Event Loop Iteration
[2026-01-24 11:48:42] [DEBG] Recv JSON: {"type": "send_mcu", "data": {"cmd": 6, "payload": "0101000101"}}
[2026-01-24 11:48:42] [DEBG] UART TX: 55AA0006000501010001010E
[2026-01-24 11:48:42] [INFO] Main Event Loop Iteration
[2026-01-24 11:48:43] [DEBG] Recv JSON: {"type": "send_mcu", "data": {"cmd": 8}}
[2026-01-24 11:48:43] [DEBG] UART TX: 55AA0008000007
[2026-01-24 11:48:43] [INFO] Main Event Loop Iteration
[2026-01-24 11:48:43] [DEBG] Recv JSON: {"type": "send_mcu", "data": {"cmd": 6, "payload": "0101000101"}}
[2026-01-24 11:48:43] [DEBG] UART TX: 55AA0006000501010001010E
[2026-01-24 11:48:43] [INFO] Main Event Loop Iteration
[2026-01-24 11:48:43] [DEBG] Recv JSON: {"type": "send_mcu", "data": {"cmd": 8}}
[2026-01-24 11:48:43] [DEBG] UART TX: 55AA0008000007
[2026-01-24 11:48:43] [INFO] Main Event Loop Iteration
[2026-01-24 11:48:43] [DEBG] Recv JSON: {"type": "send_mcu", "data": {"cmd": 6, "payload": "0101000101"}}
[2026-01-24 11:48:43] [DEBG] UART TX: 55AA0006000501010001010E
[2026-01-24 11:48:43] [INFO] Main Event Loop Iteration
[2026-01-24 11:48:44] [DEBG] Recv JSON: {"type": "send_mcu", "data": {"cmd": 8}}
[2026-01-24 11:48:44] [DEBG] UART TX: 55AA0008000007
[2026-01-24 11:48:44] [INFO] Main Event Loop Iteration
[2026-01-24 11:48:44] [DEBG] Recv JSON: {"type": "send_mcu", "data": {"cmd": 6, "payload": "0101000101"}}
[2026-01-24 11:48:44] [DEBG] UART TX: 55AA0006000501010001010E
[2026-01-24 11:48:44] [INFO] Main Event Loop Iteration
[2026-01-24 11:48:44] [DEBG] Recv JSON: {"type": "send_mcu", "data": {"cmd": 8}}
[2026-01-24 11:48:44] [DEBG] UART TX: 55AA0008000007
[2026-01-24 11:48:44] [INFO] Main Event Loop Iteration
[2026-01-24 11:48:44] [DEBG] Recv JSON: {"type": "send_mcu", "data": {"cmd": 6, "payload": "0101000101"}}
[2026-01-24 11:48:44] [DEBG] UART TX: 55AA0006000501010001010E
[2026-01-24 11:48:44] [INFO] Main Event Loop Iteration
[2026-01-24 11:48:45] [DEBG] Recv JSON: {"type": "send_mcu", "data": {"cmd": 8}}
[2026-01-24 11:48:45] [DEBG] UART TX: 55AA0008000007
[2026-01-24 11:48:45] [INFO] Main Event Loop Iteration
[2026-01-24 11:48:45] [DEBG] Recv JSON: {"type": "send_mcu", "data": {"cmd": 6, "payload": "0101000101"}}
[2026-01-24 11:48:45] [DEBG] UART TX: 55AA0006000501010001010E
[2026-01-24 11:48:45] [INFO] Main Event Loop Iteration
[2026-01-24 11:48:45] [INFO] Master disconnected
[2026-01-24 11:48:45] [INFO] Main Event Loop Iteration
