[2026-01-24 11:57:37] [INFO] UART opened successfully: /dev/ttyS1
[2026-01-24 11:57:37] [INFO] Socket Server listening on port 5555
[2026-01-24 11:57:37] [INFO] --- Running JSON Handling Test ---
[2026-01-24 11:57:37] [DEBG] Recv JSON: {"type": "send_mcu", "data": {"cmd": 6, "payload": "0101000101"}}
[2026-01-24 11:57:37] [DEBG] UART TX: 55AA0006000501010001010E
[2026-01-24 11:57:37] [INFO] --- JSON Test Finished ---
[2026-01-24 11:57:37] [INFO] Entering Main Event Loop...
[2026-01-24 11:57:51] [INFO] New Master connected
[2026-01-24 11:57:51] [DEBG] Recv JSON: {"type": "send_mcu", "data": {"cmd": 6, "payload": "0101000101"}}
[2026-01-24 11:57:51] [DEBG] UART TX: 55AA0006000501010001010E
[2026-01-24 11:57:51] [DEBG] Recv JSON: {"type": "send_mcu", "data": {"cmd": 8}}
[2026-01-24 11:57:51] [DEBG] UART TX: 55AA0008000007
[2026-01-24 11:57:52] [DEBG] Recv JSON: {"type": "send_mcu", "data": {"cmd": 6, "payload": "0101000101"}}
[2026-01-24 11:57:52] [DEBG] UART TX: 55AA0006000501010001010E
[2026-01-24 11:57:52] [DEBG] Recv JSON: {"type": "send_mcu", "data": {"cmd": 8}}
[2026-01-24 11:57:52] [DEBG] UART TX: 55AA0008000007
[2026-01-24 11:57:52] [DEBG] Recv JSON: {"type": "send_mcu", "data": {"cmd": 6, "payload": "0101000101"}}
[2026-01-24 11:57:52] [DEBG] UART TX: 55AA0006000501010001010E
[2026-01-24 11:57:52] [DEBG] Recv JSON: {"type": "send_mcu", "data": {"cmd": 8}}
[2026-01-24 11:57:52] [DEBG] UART TX: 55AA0008000007
[2026-01-24 11:57:53] [DEBG] Recv JSON: {"type": "send_mcu", "data": {"cmd": 6, "payload": "0101000101"}}
[2026-01-24 11:57:53] [DEBG] UART TX: 55AA0006000501010001010E
[2026-01-24 11:57:53] [DEBG] Recv JSON: {"type": "send_mcu", "data": {"cmd": 8}}
[2026-01-24 11:57:53] [DEBG] UART TX: 55AA0008000007
[2026-01-24 11:57:53] [DEBG] Recv JSON: {"type": "send_mcu", "data": {"cmd": 6, "payload": "0101000101"}}
[2026-01-24 11:57:53] [DEBG] UART TX: 55AA0006000501010001010E
[2026-01-24 11:57:53] [DEBG] Recv JSON: {"type": "send_mcu", "data": {"cmd": 8}}
[2026-01-24 11:57:53] [DEBG] UART TX: 55AA0008000007
[2026-01-24 11:57:54] [DEBG] Recv JSON: {"type": "send_mcu", "data": {"cmd": 6, "payload": "0101000101"}}
[2026-01-24 11:57:54] [DEBG] UART TX: 55AA0006000501010001010E
[2026-01-24 11:57:54] [DEBG] Recv JSON: {"type": "send_mcu", "data": {"cmd": 8}}
[2026-01-24 11:57:54] [DEBG] UART TX: 55AA0008000007
[2026-01-24 11:57:54] [DEBG] Recv JSON: {"type": "send_mcu", "data": {"cmd": 6, "payload": "0101000101"}}
[2026-01-24 11:57:54] [DEBG] UART TX: 55AA0006000501010001010E
[2026-01-24 11:57:54] [DEBG] Recv JSON: {"type": "send_mcu", "data": {"cmd": 8}}
[2026-01-24 11:57:54] [DEBG] UART TX: 55AA0008000007
[2026-01-24 11:57:55] [DEBG] Recv JSON: {"type": "send_mcu", "data": {"cmd": 6, "payload": "0101000101"}}
[2026-01-24 11:57:55] [DEBG] UART TX: 55AA0006000501010001010E
[2026-01-24 11:57:55] [DEBG] Recv JSON: {"type": "send_mcu", "data": {"cmd": 8}}
[2026-01-24 11:57:55] [DEBG] UART TX: 55AA0008000007
[2026-01-24 11:57:55] [DEBG] Recv JSON: {"type": "send_mcu", "data": {"cmd": 6, "payload": "0101000101"}}
[2026-01-24 11:57:55] [DEBG] UART TX: 55AA0006000501010001010E
[2026-01-24 11:57:55] [DEBG] Recv JSON: {"type": "send_mcu", "data": {"cmd": 8}}
[2026-01-24 11:57:55] [DEBG] UART TX: 55AA0008000007
[2026-01-24 11:57:56] [DEBG] Recv JSON: {"type": "send_mcu", "data": {"cmd": 6, "payload": "0101000101"}}
[2026-01-24 11:57:56] [DEBG] UART TX: 55AA0006000501010001010E
[2026-01-24 11:57:56] [DEBG] Recv JSON: {"type": "send_mcu", "data": {"cmd": 8}}
[2026-01-24 11:57:56] [DEBG] UART TX: 55AA0008000007
[2026-01-24 11:57:56] [DEBG] Recv JSON: {"type": "send_mcu", "data": {"cmd": 6, "payload": "0101000101"}}
[2026-01-24 11:57:56] [DEBG] UART TX: 55AA0006000501010001010E
[2026-01-24 11:57:56] [DEBG] Recv JSON: {"type": "send_mcu", "data": {"cmd": 8}}
[2026-01-24 11:57:56] [DEBG] UART TX: 55AA0008000007
[2026-01-24 11:57:57] [DEBG] Recv JSON: {"type": "send_mcu", "data": {"cmd": 6, "payload": "0101000101"}}
[2026-01-24 11:57:57] [DEBG] UART TX: 55AA0006000501010001010E
[2026-01-24 11:57:57] [DEBG] Recv JSON: {"type": "send_mcu", "data": {"cmd": 8}}
[2026-01-24 11:57:57] [DEBG] UART TX: 55AA0008000007
[2026-01-24 11:57:57] [DEBG] Recv JSON: {"type": "send_mcu", "data": {"cmd": 6, "payload": "0101000101"}}
[2026-01-24 11:57:57] [DEBG] UART TX: 55AA0006000501010001010E
[2026-01-24 11:57:57] [DEBG] Recv JSON: {"type": "send_mcu", "data": {"cmd": 8}}
[2026-01-24 11:57:57] [DEBG] UART TX: 55AA0008000007
[2026-01-24 11:57:58] [DEBG] Recv JSON: {"type": "send_mcu", "data": {"cmd": 6, "payload": "0101000101"}}
[2026-01-24 11:57:58] [DEBG] UART TX: 55AA0006000501010001010E
[2026-01-24 11:57:58] [DEBG] Recv JSON: {"type": "send_mcu", "data": {"cmd": 8}}
[2026-01-24 11:57:58] [DEBG] UART TX: 55AA0008000007
[2026-01-24 11:57:58] [DEBG] Recv JSON: {"type": "send_mcu", "data": {"cmd": 6, "payload": "0101000101"}}
[2026-01-24 11:57:58] [DEBG] UART TX: 55AA0006000501010001010E
[2026-01-24 11:57:58] [DEBG] Recv JSON: {"type": "send_mcu", "data": {"cmd": 8}}
[2026-01-24 11:57:58] [DEBG] UART TX: 55AA0008000007
[2026-01-24 11:57:59] [DEBG] Recv JSON: {"type": "send_mcu", "data": {"cmd": 6, "payload": "0101000101"}}
[2026-01-24 11:57:59] [DEBG] UART TX: 55AA0006000501010001010E
[2026-01-24 11:57:59] [DEBG] Recv JSON: {"type": "send_mcu", "data": {"cmd": 8}}
[2026-01-24 11:57:59] [DEBG] UART TX: 55AA0008000007
[2026-01-24 11:57:59] [DEBG] Recv JSON: {"type": "send_mcu", "data": {"cmd": 6, "payload": "0101000101"}}
[2026-01-24 11:57:59] [DEBG] UART TX: 55AA0006000501010001010E
[2026-01-24 11:57:59] [DEBG] Recv JSON: {"type": "send_mcu", "data": {"cmd": 8}}
[2026-01-24 11:57:59] [DEBG] UART TX: 55AA0008000007
[2026-01-24 11:58:00] [DEBG] Recv JSON: {"type": "send_mcu", "data": {"cmd": 6, "payload": "0101000101"}}
[2026-01-24 11:58:00] [DEBG] UART TX: 55AA0006000501010001010E
[2026-01-24 11:58:00] [DEBG] Recv JSON: {"type": "send_mcu", "data": {"cmd": 8}}
[2026-01-24 11:58:00] [DEBG] UART TX: 55AA0008000007
[2026-01-24 11:58:00] [DEBG] Recv JSON: {"type": "send_mcu", "data": {"cmd": 6, "payload": "0101000101"}}
[2026-01-24 11:58:00] [DEBG] UART TX: 55AA0006000501010001010E
[2026-01-24 11:58:00] [DEBG] Recv JSON: {"type": "send_mcu", "data": {"cmd": 8}}
[2026-01-24 11:58:00] [DEBG] UART TX: 55AA0008000007
[2026-01-24 11:58:01] [DEBG] Recv JSON: {"type": "send_mcu", "data": {"cmd": 6, "payload": "0101000101"}}
[2026-01-24 11:58:01] [DEBG] UART TX: 55AA0006000501010001010E
[2026-01-24 11:58:01] [DEBG] Recv JSON: {"type": "send_mcu", "data": {"cmd": 8}}
[2026-01-24 11:58:01] [DEBG] UART TX: 55AA0008000007
[2026-01-24 11:58:01] [DEBG] Recv JSON: {"type": "send_mcu", "data": {"cmd": 6, "payload": "0101000101"}}
[2026-01-24 11:58:01] [DEBG] UART TX: 55AA0006000501010001010E
[2026-01-24 11:58:01] [DEBG] Recv JSON: {"type": "send_mcu", "data": {"cmd": 8}}
[2026-01-24 11:58:01] [DEBG] UART TX: 55AA0008000007
[2026-01-24 11:58:02] [DEBG] Recv JSON: {"type": "send_mcu", "data": {"cmd": 6, "payload": "0101000101"}}
[2026-01-24 11:58:02] [DEBG] UART TX: 55AA0006000501010001010E
[2026-01-24 11:58:02] [DEBG] Recv JSON: {"type": "send_mcu", "data": {"cmd": 8}}
[2026-01-24 11:58:02] [DEBG] UART TX: 55AA0008000007
[2026-01-24 11:58:02] [DEBG] Recv JSON: {"type": "send_mcu", "data": {"cmd": 6, "payload": "0101000101"}}
[2026-01-24 11:58:02] [DEBG] UART TX: 55AA0006000501010001010E
[2026-01-24 11:58:02] [DEBG] Recv JSON: {"type": "send_mcu", "data": {"cmd": 8}}
[2026-01-24 11:58:02] [DEBG] UART TX: 55AA0008000007
[2026-01-24 11:58:03] [DEBG] Recv JSON: {"type": "send_mcu", "data": {"cmd": 6, "payload": "0101000101"}}
[2026-01-24 11:58:03] [DEBG] UART TX: 55AA0006000501010001010E
[2026-01-24 11:58:03] [DEBG] Recv JSON: {"type": "send_mcu", "data": {"cmd": 8}}
[2026-01-24 11:58:03] [DEBG] UART TX: 55AA0008000007
[2026-01-24 11:58:03] [DEBG] Recv JSON: {"type": "send_mcu", "data": {"cmd": 6, "payload": "0101000101"}}
[2026-01-24 11:58:03] [DEBG] UART TX: 55AA0006000501010001010E
[2026-01-24 11:58:03] [DEBG] Recv JSON: {"type": "send_mcu", "data": {"cmd": 8}}
[2026-01-24 11:58:03] [DEBG] UART TX: 55AA0008000007
[2026-01-24 11:58:04] [DEBG] Recv JSON: {"type": "send_mcu", "data": {"cmd": 6, "payload": "0101000101"}}
[2026-01-24 11:58:04] [DEBG] UART TX: 55AA0006000501010001010E
[2026-01-24 11:58:04] [DEBG] Recv JSON: {"type": "send_mcu", "data": {"cmd": 8}}
[2026-01-24 11:58:04] [DEBG] UART TX: 55AA0008000007
[2026-01-24 11:58:04] [DEBG] Recv JSON: {"type": "send_mcu", "data": {"cmd": 6, "payload": "0101000101"}}
[2026-01-24 11:58:04] [DEBG] UART TX: 55AA0006000501010001010E
[2026-01-24 11:58:04] [DEBG] Recv JSON: {"type": "send_mcu", "data": {"cmd": 8}}
[2026-01-24 11:58:04] [DEBG] UART TX: 55AA0008000007
[2026-01-24 11:58:05] [DEBG] Recv JSON: {"type": "send_mcu", "data": {"cmd": 6, "payload": "0101000101"}}
[2026-01-24 11:58:05] [DEBG] UART TX: 55AA0006000501010001010E
[2026-01-24 11:58:05] [DEBG] Recv JSON: {"type": "send_mcu", "data": {"cmd": 8}}
[2026-01-24 11:58:05] [DEBG] UART TX: 55AA0008000007
[2026-01-24 11:58:05] [DEBG] Recv JSON: {"type": "send_mcu", "data": {"cmd": 6, "payload": "0101000101"}}
[2026-01-24 11:58:05] [DEBG] UART TX: 55AA0006000501010001010E
[2026-01-24 11:58:05] [DEBG] Recv JSON: {"type": "send_mcu", "data": {"cmd": 8}}
[2026-01-24 11:58:05] [DEBG] UART TX: 55AA0008000007
[2026-01-24 11:58:06] [DEBG] Recv JSON: {"type": "send_mcu", "data": {"cmd": 6, "payload": "0101000101"}}
[2026-01-24 11:58:06] [DEBG] UART TX: 55AA0006000501010001010E
[2026-01-24 11:58:06] [DEBG] Recv JSON: {"type": "send_mcu", "data": {"cmd": 8}}
[2026-01-24 11:58:06] [DEBG] UART TX: 55AA0008000007
[2026-01-24 11:58:06] [DEBG] Recv JSON: {"type": "send_mcu", "data": {"cmd": 6, "payload": "0101000101"}}
[2026-01-24 11:58:06] [DEBG] UART TX: 55AA0006000501010001010E
[2026-01-24 11:58:06] [DEBG] Recv JSON: {"type": "send_mcu", "data": {"cmd": 8}}
[2026-01-24 11:58:06] [DEBG] UART TX: 55AA0008000007
[2026-01-24 11:58:07] [DEBG] Recv JSON: {"type": "send_mcu", "data": {"cmd": 6, "payload": "0101000101"}}
[2026-01-24 11:58:07] [DEBG] UART TX: 55AA0006000501010001010E
[2026-01-24 11:58:07] [DEBG] Recv JSON: {"type": "send_mcu", "data": {"cmd": 8}}
[2026-01-24 11:58:07] [DEBG] UART TX: 55AA0008000007
[2026-01-24 11:58:07] [DEBG] Recv JSON: {"type": "send_mcu", "data": {"cmd": 6, "payload": "0101000101"}}
[2026-01-24 11:58:07] [DEBG] UART TX: 55AA0006000501010001010E
[2026-01-24 11:58:07] [DEBG] Recv JSON: {"type": "send_mcu", "data": {"cmd": 8}}
[2026-01-24 11:58:07] [DEBG] UART TX: 55AA0008000007
[2026-01-24 11:58:08] [DEBG] Recv JSON: {"type": "send_mcu", "data": {"cmd": 6, "payload": "0101000101"}}
[2026-01-24 11:58:08] [DEBG] UART TX: 55AA0006000501010001010E
[2026-01-24 11:58:08] [DEBG] Recv JSON: {"type": "send_mcu", "data": {"cmd": 8}}
[2026-01-24 11:58:08] [DEBG] UART TX: 55AA0008000007
[2026-01-24 11:58:08] [DEBG] Recv JSON: {"type": "send_mcu", "data": {"cmd": 6, "payload": "0101000101"}}
[2026-01-24 11:58:08] [DEBG] UART TX: 55AA0006000501010001010E
[2026-01-24 11:58:08] [DEBG] Recv JSON: {"type": "send_mcu", "data": {"cmd": 8}}
[2026-01-24 11:58:08] [DEBG] UART TX: 55AA0008000007
[2026-01-24 11:58:09] [DEBG] Recv JSON: {"type": "send_mcu", "data": {"cmd": 6, "payload": "0101000101"}}
[2026-01-24 11:58:09] [DEBG] UART TX: 55AA0006000501010001010E
[2026-01-24 11:58:09] [DEBG] Recv JSON: {"type": "send_mcu", "data": {"cmd": 8}}
[2026-01-24 11:58:09] [DEBG] UART TX: 55AA0008000007
[2026-01-24 11:58:09] [DEBG] Recv JSON: {"type": "send_mcu", "data": {"cmd": 6, "payload": "0101000101"}}
[2026-01-24 11:58:09] [DEBG] UART TX: 55AA0006000501010001010E
[2026-01-24 11:58:09] [DEBG] Recv JSON: {"type": "send_mcu", "data": {"cmd": 8}}
[2026-01-24 11:58:09] [DEBG] UART TX: 55AA0008000007
[2026-01-24 11:58:10] [DEBG] Recv JSON: {"type": "send_mcu", "data": {"cmd": 6, "payload": "0101000101"}}
[2026-01-24 11:58:10] [DEBG] UART TX: 55AA0006000501010001010E
[2026-01-24 11:58:10] [DEBG] Recv JSON: {"type": "send_mcu", "data": {"cmd": 8}}
[2026-01-24 11:58:10] [DEBG] UART TX: 55AA0008000007
[2026-01-24 11:58:10] [DEBG] Recv JSON: {"type": "send_mcu", "data": {"cmd": 6, "payload": "0101000101"}}
[2026-01-24 11:58:10] [DEBG] UART TX: 55AA0006000501010001010E
[2026-01-24 11:58:10] [DEBG] Recv JSON: {"type": "send_mcu", "data": {"cmd": 8}}
[2026-01-24 11:58:10] [DEBG] UART TX: 55AA0008000007
[2026-01-24 11:58:11] [DEBG] Recv JSON: {"type": "send_mcu", "data": {"cmd": 6, "payload": "0101000101"}}
[2026-01-24 11:58:11] [DEBG] UART TX: 55AA0006000501010001010E
[2026-01-24 11:58:11] [DEBG] Recv JSON: {"type": "send_mcu", "data": {"cmd": 8}}
[2026-01-24 11:58:11] [DEBG] UART TX: 55AA0008000007
[2026-01-24 11:58:11] [DEBG] Recv JSON: {"type": "send_mcu", "data": {"cmd": 6, "payload": "0101000101"}}
[2026-01-24 11:58:11] [DEBG] UART TX: 55AA0006000501010001010E
[2026-01-24 11:58:11] [DEBG] Recv JSON: {"type": "send_mcu", "data": {"cmd": 8}}
[2026-01-24 11:58:11] [DEBG] UART TX: 55AA0008000007
[2026-01-24 11:58:12] [DEBG] Recv JSON: {"type": "send_mcu", "data": {"cmd": 6, "payload": "0101000101"}}
[2026-01-24 11:58:12] [DEBG] UART TX: 55AA0006000501010001010E
[2026-01-24 11:58:12] [DEBG] Recv JSON: {"type": "send_mcu", "data": {"cmd": 8}}
[2026-01-24 11:58:12] [DEBG] UART TX: 55AA0008000007
[2026-01-24 11:58:12] [DEBG] Recv JSON: {"type": "send_mcu", "data": {"cmd": 6, "payload": "0101000101"}}
[2026-01-24 11:58:12] [DEBG] UART TX: 55AA0006000501010001010E
[2026-01-24 11:58:12] [DEBG] Recv JSON: {"type": "send_mcu", "data": {"cmd": 8}}
[2026-01-24 11:58:12] [DEBG] UART TX: 55AA0008000007
[2026-01-24 11:58:13] [DEBG] Recv JSON: {"type": "send_mcu", "data": {"cmd": 6, "payload": "0101000101"}}
[2026-01-24 11:58:13] [DEBG] UART TX: 55AA0006000501010001010E
[2026-01-24 11:58:13] [DEBG] Recv JSON: {"type": "send_mcu", "data": {"cmd": 8}}
[2026-01-24 11:58:13] [DEBG] UART TX: 55AA0008000007
[2026-01-24 11:58:13] [DEBG] Recv JSON: {"type": "send_mcu", "data": {"cmd": 6, "payload": "0101000101"}}
[2026-01-24 11:58:13] [DEBG] UART TX: 55AA0006000501010001010E
[2026-01-24 11:58:13] [DEBG] Recv JSON: {"type": "send_mcu", "data": {"cmd": 8}}
[2026-01-24 11:58:13] [DEBG] UART TX: 55AA0008000007
[2026-01-24 11:58:14] [DEBG] Recv JSON: {"type": "send_mcu", "data": {"cmd": 6, "payload": "0101000101"}}
[2026-01-24 11:58:14] [DEBG] UART TX: 55AA0006000501010001010E
[2026-01-24 11:58:14] [DEBG] Recv JSON: {"type": "send_mcu", "data": {"cmd": 8}}
[2026-01-24 11:58:14] [DEBG] UART TX: 55AA0008000007
[2026-01-24 11:58:14] [DEBG] Recv JSON: {"type": "send_mcu", "data": {"cmd": 6, "payload": "0101000101"}}
[2026-01-24 11:58:14] [DEBG] UART TX: 55AA0006000501010001010E
[2026-01-24 11:58:14] [DEBG] Recv JSON: {"type": "send_mcu", "data": {"cmd": 8}}
[2026-01-24 11:58:14] [DEBG] UART TX: 55AA0008000007
[2026-01-24 11:58:15] [DEBG] Recv JSON: {"type": "send_mcu", "data": {"cmd": 6, "payload": "0101000101"}}
[2026-01-24 11:58:15] [DEBG] UART TX: 55AA0006000501010001010E
[2026-01-24 11:58:15] [DEBG] Recv JSON: {"type": "send_mcu", "data": {"cmd": 8}}
[2026-01-24 11:58:15] [DEBG] UART TX: 55AA0008000007
[2026-01-24 11:58:15] [DEBG] Recv JSON: {"type": "send_mcu", "data": {"cmd": 6, "payload": "0101000101"}}
[2026-01-24 11:58:15] [DEBG] UART TX: 55AA0006000501010001010E
[2026-01-24 11:58:15] [DEBG] Recv JSON: {"type": "send_mcu", "data": {"cmd": 8}}
[2026-01-24 11:58:15] [DEBG] UART TX: 55AA0008000007
[2026-01-24 11:58:16] [DEBG] Recv JSON: {"type": "send_mcu", "data": {"cmd": 6, "payload": "0101000101"}}
[2026-01-24 11:58:16] [DEBG] UART TX: 55AA0006000501010001010E
[2026-01-24 11:58:16] [DEBG] Recv JSON: {"type": "send_mcu", "data": {"cmd": 8}}
[2026-01-24 11:58:16] [DEBG] UART TX: 55AA0008000007
[2026-01-24 11:58:16] [DEBG] Recv JSON: {"type": "send_mcu", "data": {"cmd": 6, "payload": "0101000101"}}
[2026-01-24 11:58:16] [DEBG] UART TX: 55AA0006000501010001010E
[2026-01-24 11:58:16] [DEBG] Recv JSON: {"type": "send_mcu", "data": {"cmd": 8}}
[2026-01-24 11:58:16] [DEBG] UART TX: 55AA0008000007
[2026-01-24 11:58:17] [DEBG] Recv JSON: {"type": "send_mcu", "data": {"cmd": 6, "payload": "0101000101"}}
[2026-01-24 11:58:17] [DEBG] UART TX: 55AA0006000501010001010E
[2026-01-24 11:58:17] [DEBG] Recv JSON: {"type": "send_mcu", "data": {"cmd": 8}}
[2026-01-24 11:58:17] [DEBG] UART TX: 55AA0008000007
[2026-01-24 11:58:17] [DEBG] Recv JSON: {"type": "send_mcu", "data": {"cmd": 6, "payload": "0101000101"}}
[2026-01-24 11:58:17] [DEBG] UART TX: 55AA0006000501010001010E
[2026-01-24 11:58:17] [DEBG] Recv JSON: {"type": "send_mcu", "data": {"cmd": 8}}
[2026-01-24 11:58:17] [DEBG] UART TX: 55AA0008000007
[2026-01-24 11:58:18] [DEBG] Recv JSON: {"type": "send_mcu", "data": {"cmd": 6, "payload": "0101000101"}}
[2026-01-24 11:58:18] [DEBG] UART TX: 55AA0006000501010001010E
[2026-01-24 11:58:18] [DEBG] Recv JSON: {"type": "send_mcu", "data": {"cmd": 8}}
[2026-01-24 11:58:18] [DEBG] UART TX: 55AA0008000007
[2026-01-24 11:58:18] [DEBG] Recv JSON: {"type": "send_mcu", "data": {"cmd": 6, "payload": "0101000101"}}
[2026-01-24 11:58:18] [DEBG] UART TX: 55AA0006000501010001010E
[2026-01-24 11:58:18] [DEBG] Recv JSON: {"type": "send_mcu", "data": {"cmd": 8}}
[2026-01-24 11:58:18] [DEBG] UART TX: 55AA0008000007
[2026-01-24 11:58:19] [DEBG] Recv JSON: {"type": "send_mcu", "data": {"cmd": 6, "payload": "0101000101"}}
[2026-01-24 11:58:19] [DEBG] UART TX: 55AA0006000501010001010E
[2026-01-24 11:58:19] [DEBG] Recv JSON: {"type": "send_mcu", "data": {"cmd": 8}}
[2026-01-24 11:58:19] [DEBG] UART TX: 55AA0008000007
[2026-01-24 11:58:19] [DEBG] Recv JSON: {"type": "send_mcu", "data": {"cmd": 6, "payload": "0101000101"}}
[2026-01-24 11:58:19] [DEBG] UART TX: 55AA0006000501010001010E
[2026-01-24 11:58:19] [DEBG] Recv JSON: {"type": "send_mcu", "data": {"cmd": 8}}
[2026-01-24 11:58:19] [DEBG] UART TX: 55AA0008000007
[2026-01-24 11:58:20] [DEBG] Recv JSON: {"type": "send_mcu", "data": {"cmd": 6, "payload": "0101000101"}}
[2026-01-24 11:58:20] [DEBG] UART TX: 55AA0006000501010001010E
[2026-01-24 11:58:20] [DEBG] Recv JSON: {"type": "send_mcu", "data": {"cmd": 8}}
[2026-01-24 11:58:20] [DEBG] UART TX: 55AA0008000007
[2026-01-24 11:58:20] [DEBG] Recv JSON: {"type": "send_mcu", "data": {"cmd": 6, "payload": "0101000101"}}
[2026-01-24 11:58:20] [DEBG] UART TX: 55AA0006000501010001010E
[2026-01-24 11:58:20] [DEBG] Recv JSON: {"type": "send_mcu", "data": {"cmd": 8}}
[2026-01-24 11:58:20] [DEBG] UART TX: 55AA0008000007
[2026-01-24 11:58:21] [DEBG] Recv JSON: {"type": "send_mcu", "data": {"cmd": 6, "payload": "0101000101"}}
[2026-01-24 11:58:21] [DEBG] UART TX: 55AA0006000501010001010E
[2026-01-24 11:58:21] [DEBG] Recv JSON: {"type": "send_mcu", "data": {"cmd": 8}}
[2026-01-24 11:58:21] [DEBG] UART TX: 55AA0008000007
[2026-01-24 11:58:21] [DEBG] Recv JSON: {"type": "send_mcu", "data": {"cmd": 6, "payload": "0101000101"}}
[2026-01-24 11:58:21] [DEBG] UART TX: 55AA0006000501010001010E
[2026-01-24 11:58:21] [DEBG] Recv JSON: {"type": "send_mcu", "data": {"cmd": 8}}
[2026-01-24 11:58:21] [DEBG] UART TX: 55AA0008000007
[2026-01-24 11:58:22] [DEBG] Recv JSON: {"type": "send_mcu", "data": {"cmd": 6, "payload": "0101000101"}}
[2026-01-24 11:58:22] [DEBG] UART TX: 55AA0006000501010001010E
[2026-01-24 11:58:22] [DEBG] Recv JSON: {"type": "send_mcu", "data": {"cmd": 8}}
[2026-01-24 11:58:22] [DEBG] UART TX: 55AA0008000007
[2026-01-24 11:58:22] [DEBG] Recv JSON: {"type": "send_mcu", "data": {"cmd": 6, "payload": "0101000101"}}
[2026-01-24 11:58:22] [DEBG] UART TX: 55AA0006000501010001010E
[2026-01-24 11:58:22] [DEBG] Recv JSON: {"type": "send_mcu", "data": {"cmd": 8}}
[2026-01-24 11:58:22] [DEBG] UART TX: 55AA0008000007
[2026-01-24 11:58:23] [DEBG] Recv JSON: {"type": "send_mcu", "data": {"cmd": 6, "payload": "0101000101"}}
[2026-01-24 11:58:23] [DEBG] UART TX: 55AA0006000501010001010E
[2026-01-24 11:58:23] [DEBG] Recv JSON: {"type": "send_mcu", "data": {"cmd": 8}}
[2026-01-24 11:58:23] [DEBG] UART TX: 55AA0008000007
[2026-01-24 11:58:23] [DEBG] Recv JSON: {"type": "send_mcu", "data": {"cmd": 6, "payload": "0101000101"}}
[2026-01-24 11:58:23] [DEBG] UART TX: 55AA0006000501010001010E
[2026-01-24 11:58:23] [DEBG] Recv JSON: {"type": "send_mcu", "data": {"cmd": 8}}
[2026-01-24 11:58:23] [DEBG] UART TX: 55AA0008000007
[2026-01-24 11:58:24] [DEBG] Recv JSON: {"type": "send_mcu", "data": {"cmd": 6, "payload": "0101000101"}}
[2026-01-24 11:58:24] [DEBG] UART TX: 55AA0006000501010001010E
[2026-01-24 11:58:24] [DEBG] Recv JSON: {"type": "send_mcu", "data": {"cmd": 8}}
[2026-01-24 11:58:24] [DEBG] UART TX: 55AA0008000007
[2026-01-24 11:58:24] [DEBG] Recv JSON: {"type": "send_mcu", "data": {"cmd": 6, "payload": "0101000101"}}
[2026-01-24 11:58:24] [DEBG] UART TX: 55AA0006000501010001010E
[2026-01-24 11:58:24] [DEBG] Recv JSON: {"type": "send_mcu", "data": {"cmd": 8}}
[2026-01-24 11:58:24] [DEBG] UART TX: 55AA0008000007
[2026-01-24 11:58:25] [DEBG] Recv JSON: {"type": "send_mcu", "data": {"cmd": 6, "payload": "0101000101"}}
[2026-01-24 11:58:25] [DEBG] UART TX: 55AA0006000501010001010E
[2026-01-24 11:58:25] [DEBG] Recv JSON: {"type": "send_mcu", "data": {"cmd": 8}}
[2026-01-24 11:58:25] [DEBG] UART TX: 55AA0008000007
[2026-01-24 11:58:25] [DEBG] Recv JSON: {"type": "send_mcu", "data": {"cmd": 6, "payload": "0101000101"}}
[2026-01-24 11:58:25] [DEBG] UART TX: 55AA0006000501010001010E
[2026-01-24 11:58:25] [DEBG] Recv JSON: {"type": "send_mcu", "data": {"cmd": 8}}
[2026-01-24 11:58:25] [DEBG] UART TX: 55AA0008000007
[2026-01-24 11:58:26] [DEBG] Recv JSON: {"type": "send_mcu", "data": {"cmd": 6, "payload": "0101000101"}}
[2026-01-24 11:58:26] [DEBG] UART TX: 55AA0006000501010001010E
[2026-01-24 11:58:26] [DEBG] Recv JSON: {"type": "send_mcu", "data": {"cmd": 8}}
[2026-01-24 11:58:26] [DEBG] UART TX: 55AA0008000007
[2026-01-24 11:58:26] [DEBG] Recv JSON: {"type": "send_mcu", "data": {"cmd": 6, "payload": "0101000101"}}
[2026-01-24 11:58:26] [DEBG] UART TX: 55AA0006000501010001010E
[2026-01-24 11:58:26] [DEBG] Recv JSON: {"type": "send_mcu", "data": {"cmd": 8}}
[2026-01-24 11:58:26] [DEBG] UART TX: 55AA0008000007
[2026-01-24 11:58:27] [DEBG] Recv JSON: {"type": "send_mcu", "data": {"cmd": 6, "payload": "0101000101"}}
[2026-01-24 11:58:27] [DEBG] UART TX: 55AA0006000501010001010E
[2026-01-24 11:58:27] [DEBG] Recv JSON: {"type": "send_mcu", "data": {"cmd": 8}}
[2026-01-24 11:58:27] [DEBG] UART TX: 55AA0008000007
[2026-01-24 11:58:27] [DEBG] Recv JSON: {"type": "send_mcu", "data": {"cmd": 6, "payload": "0101000101"}}
[2026-01-24 11:58:27] [DEBG] UART TX: 55AA0006000501010001010E
[2026-01-24 11:58:27] [DEBG] Recv JSON: {"type": "send_mcu", "data": {"cmd": 8}}
[2026-01-24 11:58:27] [DEBG] UART TX: 55AA0008000007
[2026-01-24 11:58:28] [DEBG] Recv JSON: {"type": "send_mcu", "data": {"cmd": 6, "payload": "0101000101"}}
[2026-01-24 11:58:28] [DEBG] UART TX: 55AA0006000501010001010E
[2026-01-24 11:58:28] [DEBG] Recv JSON: {"type": "send_mcu", "data": {"cmd": 8}}
[2026-01-24 11:58:28] [DEBG] UART TX: 55AA0008000007
[2026-01-24 11:58:28] [DEBG] Recv JSON: {"type": "send_mcu", "data": {"cmd": 6, "payload": "0101000101"}}
[2026-01-24 11:58:28] [DEBG] UART TX: 55AA0006000501010001010E
[2026-01-24 11:58:28] [DEBG] Recv JSON: {"type": "send_mcu", "data": {"cmd": 8}}
[2026-01-24 11:58:28] [DEBG] UART TX: 55AA0008000007
[2026-01-24 11:58:29] [DEBG] Recv JSON: {"type": "send_mcu", "data": {"cmd": 6, "payload": "0101000101"}}
[2026-01-24 11:58:29] [DEBG] UART TX: 55AA0006000501010001010E
[2026-01-24 11:58:29] [DEBG] Recv JSON: {"type": "send_mcu", "data": {"cmd": 8}}
[2026-01-24 11:58:29] [DEBG] UART TX: 55AA0008000007
[2026-01-24 11:58:29] [DEBG] Recv JSON: {"type": "send_mcu", "data": {"cmd": 6, "payload": "0101000101"}}
[2026-01-24 11:58:29] [DEBG] UART TX: 55AA0006000501010001010E
[2026-01-24 11:58:29] [DEBG] Recv JSON: {"type": "send_mcu", "data": {"cmd": 8}}
[2026-01-24 11:58:29] [DEBG] UART TX: 55AA0008000007
[2026-01-24 11:58:30] [DEBG] Recv JSON: {"type": "send_mcu", "data": {"cmd": 6, "payload": "0101000101"}}
[2026-01-24 11:58:30] [DEBG] UART TX: 55AA0006000501010001010E
[2026-01-24 11:58:30] [DEBG] Recv JSON: {"type": "send_mcu", "data": {"cmd": 8}}
[2026-01-24 11:58:30] [DEBG] UART TX: 55AA0008000007
[2026-01-24 11:58:30] [DEBG] Recv JSON: {"type": "send_mcu", "data": {"cmd": 6, "payload": "0101000101"}}
[2026-01-24 11:58:30] [DEBG] UART TX: 55AA0006000501010001010E
[2026-01-24 11:58:30] [DEBG] Recv JSON: {"type": "send_mcu", "data": {"cmd": 8}}
[2026-01-24 11:58:30] [DEBG] UART TX: 55AA0008000007
[2026-01-24 11:58:31] [DEBG] Recv JSON: {"type": "send_mcu", "data": {"cmd": 6, "payload": "0101000101"}}
[2026-01-24 11:58:31] [DEBG] UART TX: 55AA0006000501010001010E
[2026-01-24 11:58:31] [DEBG] Recv JSON: {"type": "send_mcu", "data": {"cmd": 8}}
[2026-01-24 11:58:31] [DEBG] UART TX: 55AA0008000007
[2026-01-24 11:58:31] [DEBG] Recv JSON: {"type": "send_mcu", "data": {"cmd": 6, "payload": "0101000101"}}
[2026-01-24 11:58:31] [DEBG] UART TX: 55AA0006000501010001010E
[2026-01-24 11:58:31] [DEBG] Recv JSON: {"type": "send_mcu", "data": {"cmd": 8}}
[2026-01-24 11:58:31] [DEBG] UART TX: 55AA0008000007
[2026-01-24 11:58:32] [DEBG] Recv JSON: {"type": "send_mcu", "data": {"cmd": 6, "payload": "0101000101"}}
[2026-01-24 11:58:32] [DEBG] UART TX: 55AA0006000501010001010E
[2026-01-24 11:58:32] [DEBG] Recv JSON: {"type": "send_mcu", "data": {"cmd": 8}}
[2026-01-24 11:58:32] [DEBG] UART TX: 55AA0008000007
[2026-01-24 11:58:32] [DEBG] Recv JSON: {"type": "send_mcu", "data": {"cmd": 6, "payload": "0101000101"}}
[2026-01-24 11:58:32] [DEBG] UART TX: 55AA0006000501010001010E
[2026-01-24 11:58:32] [DEBG] Recv JSON: {"type": "send_mcu", "data": {"cmd": 8}}
[2026-01-24 11:58:32] [DEBG] UART TX: 55AA0008000007
[2026-01-24 11:58:33] [DEBG] Recv JSON: {"type": "send_mcu", "data": {"cmd": 6, "payload": "0101000101"}}
[2026-01-24 11:58:33] [DEBG] UART TX: 55AA0006000501010001010E
[2026-01-24 11:58:33] [DEBG] Recv JSON: {"type": "send_mcu", "data": {"cmd": 8}}
[2026-01-24 11:58:33] [DEBG] UART TX: 55AA0008000007
[2026-01-24 11:58:33] [DEBG] Recv JSON: {"type": "send_mcu", "data": {"cmd": 6, "payload": "0101000101"}}
[2026-01-24 11:58:33] [DEBG] UART TX: 55AA0006000501010001010E
[2026-01-24 11:58:33] [DEBG] Recv JSON: {"type": "send_mcu", "data": {"cmd": 8}}
[2026-01-24 11:58:33] [DEBG] UART TX: 55AA0008000007
[2026-01-24 11:58:34] [DEBG] Recv JSON: {"type": "send_mcu", "data": {"cmd": 6, "payload": "0101000101"}}
[2026-01-24 11:58:34] [DEBG] UART TX: 55AA0006000501010001010E
[2026-01-24 11:58:34] [DEBG] Recv JSON: {"type": "send_mcu", "data": {"cmd": 8}}
[2026-01-24 11:58:34] [DEBG] UART TX: 55AA0008000007
[2026-01-24 11:58:34] [DEBG] Recv JSON: {"type": "send_mcu", "data": {"cmd": 6, "payload": "0101000101"}}
[2026-01-24 11:58:34] [DEBG] UART TX: 55AA0006000501010001010E
[2026-01-24 11:58:34] [DEBG] Recv JSON: {"type": "send_mcu", "data": {"cmd": 8}}
[2026-01-24 11:58:34] [DEBG] UART TX: 55AA0008000007
[2026-01-24 11:58:35] [DEBG] Recv JSON: {"type": "send_mcu", "data": {"cmd": 6, "payload": "0101000101"}}
[2026-01-24 11:58:35] [DEBG] UART TX: 55AA0006000501010001010E
[2026-01-24 11:58:35] [DEBG] Recv JSON: {"type": "send_mcu", "data": {"cmd": 8}}
[2026-01-24 11:58:35] [DEBG] UART TX: 55AA0008000007
[2026-01-24 11:58:35] [DEBG] Recv JSON: {"type": "send_mcu", "data": {"cmd": 6, "payload": "0101000101"}}
[2026-01-24 11:58:35] [DEBG] UART TX: 55AA0006000501010001010E
[2026-01-24 11:58:35] [DEBG] Recv JSON: {"type": "send_mcu", "data": {"cmd": 8}}
[2026-01-24 11:58:35] [DEBG] UART TX: 55AA0008000007
[2026-01-24 11:58:36] [DEBG] Recv JSON: {"type": "send_mcu", "data": {"cmd": 6, "payload": "0101000101"}}
[2026-01-24 11:58:36] [DEBG] UART TX: 55AA0006000501010001010E
[2026-01-24 11:58:36] [DEBG] Recv JSON: {"type": "send_mcu", "data": {"cmd": 8}}
[2026-01-24 11:58:36] [DEBG] UART TX: 55AA0008000007
[2026-01-24 11:58:36] [DEBG] Recv JSON: {"type": "send_mcu", "data": {"cmd": 6, "payload": "0101000101"}}
[2026-01-24 11:58:36] [DEBG] UART TX: 55AA0006000501010001010E
[2026-01-24 11:58:36] [DEBG] Recv JSON: {"type": "send_mcu", "data": {"cmd": 8}}
[2026-01-24 11:58:36] [DEBG] UART TX: 55AA0008000007
[2026-01-24 11:58:37] [DEBG] Recv JSON: {"type": "send_mcu", "data": {"cmd": 6, "payload": "0101000101"}}
[2026-01-24 11:58:37] [DEBG] UART TX: 55AA0006000501010001010E
[2026-01-24 11:58:37] [DEBG] Recv JSON: {"type": "send_mcu", "data": {"cmd": 8}}
[2026-01-24 11:58:37] [DEBG] UART TX: 55AA0008000007
[2026-01-24 11:58:37] [DEBG] Recv JSON: {"type": "send_mcu", "data": {"cmd": 6, "payload": "0101000101"}}
[2026-01-24 11:58:37] [DEBG] UART TX: 55AA0006000501010001010E
[2026-01-24 11:58:37] [DEBG] Recv JSON: {"type": "send_mcu", "data": {"cmd": 8}}
[2026-01-24 11:58:37] [DEBG] UART TX: 55AA0008000007
[2026-01-24 11:58:38] [DEBG] Recv JSON: {"type": "send_mcu", "data": {"cmd": 6, "payload": "0101000101"}}
[2026-01-24 11:58:38] [DEBG] UART TX: 55AA0006000501010001010E
[2026-01-24 11:58:38] [DEBG] Recv JSON: {"type": "send_mcu", "data": {"cmd": 8}}
[2026-01-24 11:58:38] [DEBG] UART TX: 55AA0008000007
[2026-01-24 11:58:38] [DEBG] Recv JSON: {"type": "send_mcu", "data": {"cmd": 6, "payload": "0101000101"}}
[2026-01-24 11:58:38] [DEBG] UART TX: 55AA0006000501010001010E
[2026-01-24 11:58:38] [DEBG] Recv JSON: {"type": "send_mcu", "data": {"cmd": 8}}
[2026-01-24 11:58:38] [DEBG] UART TX: 55AA0008000007
[2026-01-24 11:58:39] [DEBG] Recv JSON: {"type": "send_mcu", "data": {"cmd": 6, "payload": "0101000101"}}
[2026-01-24 11:58:39] [DEBG] UART TX: 55AA0006000501010001010E
[2026-01-24 11:58:39] [DEBG] Recv JSON: {"type": "send_mcu", "data": {"cmd": 8}}
[2026-01-24 11:58:39] [DEBG] UART TX: 55AA0008000007
[2026-01-24 11:58:39] [DEBG] Recv JSON: {"type": "send_mcu", "data": {"cmd": 6, "payload": "0101000101"}}
[2026-01-24 11:58:39] [DEBG] UART TX: 55AA0006000501010001010E
[2026-01-24 11:58:39] [DEBG] Recv JSON: {"type": "send_mcu", "data": {"cmd": 8}}
[2026-01-24 11:58:39] [DEBG] UART TX: 55AA0008000007
[2026-01-24 11:58:40] [DEBG] Recv JSON: {"type": "send_mcu", "data": {"cmd": 6, "payload": "0101000101"}}
[2026-01-24 11:58:40] [DEBG] UART TX: 55AA0006000501010001010E
[2026-01-24 11:58:40] [DEBG] Recv JSON: {"type": "send_mcu", "data": {"cmd": 8}}
[2026-01-24 11:58:40] [DEBG] UART TX: 55AA0008000007
[2026-01-24 11:58:40] [DEBG] Recv JSON: {"type": "send_mcu", "data": {"cmd": 6, "payload": "0101000101"}}
[2026-01-24 11:58:40] [DEBG] UART TX: 55AA0006000501010001010E
[2026-01-24 11:58:40] [DEBG] Recv JSON: {"type": "send_mcu", "data": {"cmd": 8}}
[2026-01-24 11:58:40] [DEBG] UART TX: 55AA0008000007
[2026-01-24 11:58:41] [DEBG] Recv JSON: {"type": "send_mcu", "data": {"cmd": 6, "payload": "0101000101"}}
[2026-01-24 11:58:41] [DEBG] UART TX: 55AA0006000501010001010E
[2026-01-24 11:58:41] [DEBG] Recv JSON: {"type": "send_mcu", "data": {"cmd": 8}}
[2026-01-24 11:58:41] [DEBG] UART TX: 55AA0008000007
[2026-01-24 11:58:41] [DEBG] Recv JSON: {"type": "send_mcu", "data": {"cmd": 6, "payload": "0101000101"}}
[2026-01-24 11:58:41] [DEBG] UART TX: 55AA0006000501010001010E
[2026-01-24 11:58:41] [DEBG] Recv JSON: {"type": "send_mcu", "data": {"cmd": 8}}
[2026-01-24 11:58:41] [DEBG] UART TX: 55AA0008000007
[2026-01-24 11:58:42] [DEBG] Recv JSON: {"type": "send_mcu", "data": {"cmd": 6, "payload": "0101000101"}}
[2026-01-24 11:58:42] [DEBG] UART TX: 55AA0006000501010001010E
[2026-01-24 11:58:42] [DEBG] Recv JSON: {"type": "send_mcu", "data": {"cmd": 8}}
[2026-01-24 11:58:42] [DEBG] UART TX: 55AA0008000007
[2026-01-24 11:58:42] [DEBG] Recv JSON: {"type": "send_mcu", "data": {"cmd": 6, "payload": "0101000101"}}
[2026-01-24 11:58:42] [DEBG] UART TX: 55AA0006000501010001010E
[2026-01-24 11:58:42] [DEBG] Recv JSON: {"type": "send_mcu", "data": {"cmd": 8}}
[2026-01-24 11:58:42] [DEBG] UART TX: 55AA0008000007
[2026-01-24 11:58:43] [DEBG] Recv JSON: {"type": "send_mcu", "data": {"cmd": 6, "payload": "0101000101"}}
[2026-01-24 11:58:43] [DEBG] UART TX: 55AA0006000501010001010E
[2026-01-24 11:58:43] [DEBG] Recv JSON: {"type": "send_mcu", "data": {"cmd": 8}}
[2026-01-24 11:58:43] [DEBG] UART TX: 55AA0008000007
[2026-01-24 11:58:43] [DEBG] Recv JSON: {"type": "send_mcu", "data": {"cmd": 6, "payload": "0101000101"}}
[2026-01-24 11:58:43] [DEBG] UART TX: 55AA0006000501010001010E
[2026-01-24 11:58:43] [DEBG] Recv JSON: {"type": "send_mcu", "data": {"cmd": 8}}
[2026-01-24 11:58:44] [DEBG] UART TX: 55AA0008000007
[2026-01-24 11:58:44] [DEBG] Recv JSON: {"type": "send_mcu", "data": {"cmd": 6, "payload": "0101000101"}}
[2026-01-24 11:58:44] [DEBG] UART TX: 55AA0006000501010001010E
[2026-01-24 11:58:44] [DEBG] Recv JSON: {"type": "send_mcu", "data": {"cmd": 8}}
[2026-01-24 11:58:44] [DEBG] UART TX: 55AA0008000007
[2026-01-24 11:58:44] [DEBG] Recv JSON: {"type": "send_mcu", "data": {"cmd": 6, "payload": "0101000101"}}
[2026-01-24 11:58:44] [DEBG] UART TX: 55AA0006000501010001010E
[2026-01-24 11:58:45] [DEBG] Recv JSON: {"type": "send_mcu", "data": {"cmd": 8}}
[2026-01-24 11:58:45] [DEBG] UART TX: 55AA0008000007
[2026-01-24 11:58:45] [DEBG] Recv JSON: {"type": "send_mcu", "data": {"cmd": 6, "payload": "0101000101"}}
[2026-01-24 11:58:45] [DEBG] UART TX: 55AA0006000501010001010E
[2026-01-24 11:58:45] [DEBG] Recv JSON: {"type": "send_mcu", "data": {"cmd": 8}}
[2026-01-24 11:58:45] [DEBG] UART TX: 55AA0008000007
[2026-01-24 11:58:45] [DEBG] Recv JSON: {"type": "send_mcu", "data": {"cmd": 6, "payload": "0101000101"}}
[2026-01-24 11:58:45] [DEBG] UART TX: 55AA0006000501010001010E
[2026-01-24 11:58:46] [DEBG] Recv JSON: {"type": "send_mcu", "data": {"cmd": 8}}
[2026-01-24 11:58:46] [DEBG] UART TX: 55AA0008000007
[2026-01-24 11:58:46] [DEBG] Recv JSON: {"type": "send_mcu", "data": {"cmd": 6, "payload": "0101000101"}}
[2026-01-24 11:58:46] [DEBG] UART TX: 55AA0006000501010001010E
[2026-01-24 11:58:46] [DEBG] Recv JSON: {"type": "send_mcu", "data": {"cmd": 8}}
[2026-01-24 11:58:46] [DEBG] UART TX: 55AA0008000007
[2026-01-24 11:58:46] [DEBG] Recv JSON: {"type": "send_mcu", "data": {"cmd": 6, "payload": "0101000101"}}
[2026-01-24 11:58:46] [DEBG] UART TX: 55AA0006000501010001010E
[2026-01-24 11:58:47] [DEBG] Recv JSON: {"type": "send_mcu", "data": {"cmd": 8}}
[2026-01-24 11:58:47] [DEBG] UART TX: 55AA0008000007
[2026-01-24 11:58:47] [DEBG] Recv JSON: {"type": "send_mcu", "data": {"cmd": 6, "payload": "0101000101"}}
[2026-01-24 11:58:47] [DEBG] UART TX: 55AA0006000501010001010E
[2026-01-24 11:58:47] [DEBG] Recv JSON: {"type": "send_mcu", "data": {"cmd": 8}}
[2026-01-24 11:58:47] [DEBG] UART TX: 55AA0008000007
[2026-01-24 11:58:47] [DEBG] Recv JSON: {"type": "send_mcu", "data": {"cmd": 6, "payload": "0101000101"}}
[2026-01-24 11:58:47] [DEBG] UART TX: 55AA0006000501010001010E
[2026-01-24 11:58:48] [DEBG] Recv JSON: {"type": "send_mcu", "data": {"cmd": 8}}
[2026-01-24 11:58:48] [DEBG] UART TX: 55AA0008000007
[2026-01-24 11:58:48] [DEBG] Recv JSON: {"type": "send_mcu", "data": {"cmd": 6, "payload": "0101000101"}}
[2026-01-24 11:58:48] [DEBG] UART TX: 55AA0006000501010001010E
[2026-01-24 11:58:48] [DEBG] Recv JSON: {"type": "send_mcu", "data": {"cmd": 8}}
[2026-01-24 11:58:48] [DEBG] UART TX: 55AA0008000007
[2026-01-24 11:58:48] [DEBG] Recv JSON: {"type": "send_mcu", "data": {"cmd": 6, "payload": "0101000101"}}
[2026-01-24 11:58:48] [DEBG] UART TX: 55AA0006000501010001010E
[2026-01-24 11:58:49] [DEBG] Recv JSON: {"type": "send_mcu", "data": {"cmd": 8}}
[2026-01-24 11:58:49] [DEBG] UART TX: 55AA0008000007
[2026-01-24 11:58:49] [DEBG] Recv JSON: {"type": "send_mcu", "data": {"cmd": 6, "payload": "0101000101"}}
[2026-01-24 11:58:49] [DEBG] UART TX: 55AA0006000501010001010E
[2026-01-24 11:58:49] [DEBG] Recv JSON: {"type": "send_mcu", "data": {"cmd": 8}}
[2026-01-24 11:58:49] [DEBG] UART TX: 55AA0008000007
[2026-01-24 11:58:49] [DEBG] Recv JSON: {"type": "send_mcu", "data": {"cmd": 6, "payload": "0101000101"}}
[2026-01-24 11:58:49] [DEBG] UART TX: 55AA0006000501010001010E
[2026-01-24 11:58:50] [DEBG] Recv JSON: {"type": "send_mcu", "data": {"cmd": 8}}
[2026-01-24 11:58:50] [DEBG] UART TX: 55AA0008000007
[2026-01-24 11:58:50] [DEBG] Recv JSON: {"type": "send_mcu", "data": {"cmd": 6, "payload": "0101000101"}}
[2026-01-24 11:58:50] [DEBG] UART TX: 55AA0006000501010001010E
[2026-01-24 11:58:50] [DEBG] Recv JSON: {"type": "send_mcu", "data": {"cmd": 8}}
[2026-01-24 11:58:50] [DEBG] UART TX: 55AA0008000007
[2026-01-24 11:58:50] [DEBG] Recv JSON: {"type": "send_mcu", "data": {"cmd": 6, "payload": "0101000101"}}
[2026-01-24 11:58:50] [DEBG] UART TX: 55AA0006000501010001010E
[2026-01-24 11:58:51] [DEBG] Recv JSON: {"type": "send_mcu", "data": {"cmd": 8}}
[2026-01-24 11:58:51] [DEBG] UART TX: 55AA0008000007
[2026-01-24 11:58:51] [DEBG] Recv JSON: {"type": "send_mcu", "data": {"cmd": 6, "payload": "0101000101"}}
[2026-01-24 11:58:51] [DEBG] UART TX: 55AA0006000501010001010E
[2026-01-24 11:58:51] [DEBG] Recv JSON: {"type": "send_mcu", "data": {"cmd": 8}}
[2026-01-24 11:58:51] [DEBG] UART TX: 55AA0008000007
[2026-01-24 11:58:51] [DEBG] Recv JSON: {"type": "send_mcu", "data": {"cmd": 6, "payload": "0101000101"}}
[2026-01-24 11:58:51] [DEBG] UART TX: 55AA0006000501010001010E
[2026-01-24 11:58:52] [DEBG] Recv JSON: {"type": "send_mcu", "data": {"cmd": 8}}
[2026-01-24 11:58:52] [DEBG] UART TX: 55AA0008000007
[2026-01-24 11:58:52] [DEBG] Recv JSON: {"type": "send_mcu", "data": {"cmd": 6, "payload": "0101000101"}}
[2026-01-24 11:58:52] [DEBG] UART TX: 55AA0006000501010001010E
[2026-01-24 11:58:52] [DEBG] Recv JSON: {"type": "send_mcu", "data": {"cmd": 8}}
[2026-01-24 11:58:52] [DEBG] UART TX: 55AA0008000007
[2026-01-24 11:58:52] [DEBG] Recv JSON: {"type": "send_mcu", "data": {"cmd": 6, "payload": "0101000101"}}
[2026-01-24 11:58:52] [DEBG] UART TX: 55AA0006000501010001010E
[2026-01-24 11:58:53] [DEBG] Recv JSON: {"type": "send_mcu", "data": {"cmd": 8}}
[2026-01-24 11:58:53] [DEBG] UART TX: 55AA0008000007
[2026-01-24 11:58:53] [DEBG] Recv JSON: {"type": "send_mcu", "data": {"cmd": 6, "payload": "0101000101"}}
[2026-01-24 11:58:53] [DEBG] UART TX: 55AA0006000501010001010E
[2026-01-24 11:58:53] [DEBG] Recv JSON: {"type": "send_mcu", "data": {"cmd": 8}}
[2026-01-24 11:58:53] [DEBG] UART TX: 55AA0008000007
[2026-01-24 11:58:53] [DEBG] Recv JSON: {"type": "send_mcu", "data": {"cmd": 6, "payload": "0101000101"}}
[2026-01-24 11:58:53] [DEBG] UART TX: 55AA0006000501010001010E
[2026-01-24 11:58:54] [DEBG] Recv JSON: {"type": "send_mcu", "data": {"cmd": 8}}
[2026-01-24 11:58:54] [DEBG] UART TX: 55AA0008000007
[2026-01-24 11:58:54] [DEBG] Recv JSON: {"type": "send_mcu", "data": {"cmd": 6, "payload": "0101000101"}}
[2026-01-24 11:58:54] [DEBG] UART TX: 55AA0006000501010001010E
[2026-01-24 11:58:54] [DEBG] Recv JSON: {"type": "send_mcu", "data": {"cmd": 8}}
[2026-01-24 11:58:54] [DEBG] UART TX: 55AA0008000007
[2026-01-24 11:58:54] [DEBG] Recv JSON: {"type": "send_mcu", "data": {"cmd": 6, "payload": "0101000101"}}
[2026-01-24 11:58:54] [DEBG] UART TX: 55AA0006000501010001010E
[2026-01-24 11:58:55] [DEBG] Recv JSON: {"type": "send_mcu", "data": {"cmd": 8}}
[2026-01-24 11:58:55] [DEBG] UART TX: 55AA0008000007
[2026-01-24 11:58:55] [DEBG] Recv JSON: {"type": "send_mcu", "data": {"cmd": 6, "payload": "0101000101"}}
[2026-01-24 11:58:55] [DEBG] UART TX: 55AA0006000501010001010E
[2026-01-24 11:58:55] [DEBG] Recv JSON: {"type": "send_mcu", "data": {"cmd": 8}}
[2026-01-24 11:58:55] [DEBG] UART TX: 55AA0008000007
[2026-01-24 11:58:55] [DEBG] Recv JSON: {"type": "send_mcu", "data": {"cmd": 6, "payload": "0101000101"}}
[2026-01-24 11:58:55] [DEBG] UART TX: 55AA0006000501010001010E
[2026-01-24 11:58:56] [DEBG] Recv JSON: {"type": "send_mcu", "data": {"cmd": 8}}
[2026-01-24 11:58:56] [DEBG] UART TX: 55AA0008000007
[2026-01-24 11:58:56] [DEBG] Recv JSON: {"type": "send_mcu", "data": {"cmd": 6, "payload": "0101000101"}}
[2026-01-24 11:58:56] [DEBG] UART TX: 55AA0006000501010001010E
[2026-01-24 11:58:56] [DEBG] Recv JSON: {"type": "send_mcu", "data": {"cmd": 8}}
[2026-01-24 11:58:56] [DEBG] UART TX: 55AA0008000007
[2026-01-24 11:58:56] [DEBG] Recv JSON: {"type": "send_mcu", "data": {"cmd": 6, "payload": "0101000101"}}
[2026-01-24 11:58:56] [DEBG] UART TX: 55AA0006000501010001010E
[2026-01-24 11:58:57] [DEBG] Recv JSON: {"type": "send_mcu", "data": {"cmd": 8}}
[2026-01-24 11:58:57] [DEBG] UART TX: 55AA0008000007
[2026-01-24 11:58:57] [DEBG] Recv JSON: {"type": "send_mcu", "data": {"cmd": 6, "payload": "0101000101"}}
[2026-01-24 11:58:57] [DEBG] UART TX: 55AA0006000501010001010E
[2026-01-24 11:58:57] [DEBG] Recv JSON: {"type": "send_mcu", "data": {"cmd": 8}}
[2026-01-24 11:58:57] [DEBG] UART TX: 55AA0008000007
[2026-01-24 11:58:57] [DEBG] Recv JSON: {"type": "send_mcu", "data": {"cmd": 6, "payload": "0101000101"}}
[2026-01-24 11:58:57] [DEBG] UART TX: 55AA0006000501010001010E
[2026-01-24 11:58:58] [DEBG] Recv JSON: {"type": "send_mcu", "data": {"cmd": 8}}
[2026-01-24 11:58:58] [DEBG] UART TX: 55AA0008000007
[2026-01-24 11:58:58] [DEBG] Recv JSON: {"type": "send_mcu", "data": {"cmd": 6, "payload": "0101000101"}}
[2026-01-24 11:58:58] [DEBG] UART TX: 55AA0006000501010001010E
[2026-01-24 11:58:58] [DEBG] Recv JSON: {"type": "send_mcu", "data": {"cmd": 8}}
[2026-01-24 11:58:58] [DEBG] UART TX: 55AA0008000007
[2026-01-24 11:58:58] [DEBG] Recv JSON: {"type": "send_mcu", "data": {"cmd": 6, "payload": "0101000101"}}
[2026-01-24 11:58:58] [DEBG] UART TX: 55AA0006000501010001010E
[2026-01-24 11:58:59] [DEBG] Recv JSON: {"type": "send_mcu", "data": {"cmd": 8}}
[2026-01-24 11:58:59] [DEBG] UART TX: 55AA0008000007
[2026-01-24 11:58:59] [DEBG] Recv JSON: {"type": "send_mcu", "data": {"cmd": 6, "payload": "0101000101"}}
[2026-01-24 11:58:59] [DEBG] UART TX: 55AA0006000501010001010E
[2026-01-24 11:58:59] [DEBG] Recv JSON: {"type": "send_mcu", "data": {"cmd": 8}}
[2026-01-24 11:58:59] [DEBG] UART TX: 55AA0008000007
[2026-01-24 11:58:59] [DEBG] Recv JSON: {"type": "send_mcu", "data": {"cmd": 6, "payload": "0101000101"}}
[2026-01-24 11:58:59] [DEBG] UART TX: 55AA0006000501010001010E
[2026-01-24 11:59:00] [DEBG] Recv JSON: {"type": "send_mcu", "data": {"cmd": 8}}
[2026-01-24 11:59:00] [DEBG] UART TX: 55AA0008000007
[2026-01-24 11:59:00] [DEBG] Recv JSON: {"type": "send_mcu", "data": {"cmd": 6, "payload": "0101000101"}}
[2026-01-24 11:59:00] [DEBG] UART TX: 55AA0006000501010001010E
[2026-01-24 11:59:00] [DEBG] Recv JSON: {"type": "send_mcu", "data": {"cmd": 8}}
[2026-01-24 11:59:00] [DEBG] UART TX: 55AA0008000007
[2026-01-24 11:59:00] [DEBG] Recv JSON: {"type": "send_mcu", "data": {"cmd": 6, "payload": "0101000101"}}
[2026-01-24 11:59:00] [DEBG] UART TX: 55AA0006000501010001010E
[2026-01-24 11:59:01] [DEBG] Recv JSON: {"type": "send_mcu", "data": {"cmd": 8}}
[2026-01-24 11:59:01] [DEBG] UART TX: 55AA0008000007
[2026-01-24 11:59:01] [DEBG] Recv JSON: {"type": "send_mcu", "data": {"cmd": 6, "payload": "0101000101"}}
[2026-01-24 11:59:01] [DEBG] UART TX: 55AA0006000501010001010E
[2026-01-24 11:59:01] [DEBG] Recv JSON: {"type": "send_mcu", "data": {"cmd": 8}}
[2026-01-24 11:59:01] [DEBG] UART TX: 55AA0008000007
[2026-01-24 11:59:01] [DEBG] Recv JSON: {"type": "send_mcu", "data": {"cmd": 6, "payload": "0101000101"}}
[2026-01-24 11:59:01] [DEBG] UART TX: 55AA0006000501010001010E
[2026-01-24 11:59:02] [DEBG] Recv JSON: {"type": "send_mcu", "data": {"cmd": 8}}
[2026-01-24 11:59:02] [DEBG] UART TX: 55AA0008000007
[2026-01-24 11:59:02] [DEBG] Recv JSON: {"type": "send_mcu", "data": {"cmd": 6, "payload": "0101000101"}}
[2026-01-24 11:59:02] [DEBG] UART TX: 55AA0006000501010001010E
[2026-01-24 11:59:02] [DEBG] Recv JSON: {"type": "send_mcu", "data": {"cmd": 8}}
[2026-01-24 11:59:02] [DEBG] UART TX: 55AA0008000007
[2026-01-24 11:59:02] [DEBG] Recv JSON: {"type": "send_mcu", "data": {"cmd": 6, "payload": "0101000101"}}
[2026-01-24 11:59:02] [DEBG] UART TX: 55AA0006000501010001010E
[2026-01-24 11:59:03] [DEBG] Recv JSON: {"type": "send_mcu", "data": {"cmd": 8}}
[2026-01-24 11:59:03] [DEBG] UART TX: 55AA0008000007
[2026-01-24 11:59:03] [DEBG] Recv JSON: {"type": "send_mcu", "data": {"cmd": 6, "payload": "0101000101"}}
[2026-01-24 11:59:03] [DEBG] UART TX: 55AA0006000501010001010E
[2026-01-24 11:59:03] [DEBG] Recv JSON: {"type": "send_mcu", "data": {"cmd": 8}}
[2026-01-24 11:59:03] [DEBG] UART TX: 55AA0008000007
[2026-01-24 11:59:03] [DEBG] Recv JSON: {"type": "send_mcu", "data": {"cmd": 6, "payload": "0101000101"}}
[2026-01-24 11:59:03] [DEBG] UART TX: 55AA0006000501010001010E
[2026-01-24 11:59:04] [DEBG] Recv JSON: {"type": "send_mcu", "data": {"cmd": 8}}
[2026-01-24 11:59:04] [DEBG] UART TX: 55AA0008000007
[2026-01-24 11:59:04] [DEBG] Recv JSON: {"type": "send_mcu", "data": {"cmd": 6, "payload": "0101000101"}}
[2026-01-24 11:59:04] [DEBG] UART TX: 55AA0006000501010001010E
[2026-01-24 11:59:04] [DEBG] Recv JSON: {"type": "send_mcu", "data": {"cmd": 8}}
[2026-01-24 11:59:04] [DEBG] UART TX: 55AA0008000007
[2026-01-24 11:59:04] [DEBG] Recv JSON: {"type": "send_mcu", "data": {"cmd": 6, "payload": "0101000101"}}
[2026-01-24 11:59:04] [DEBG] UART TX: 55AA0006000501010001010E
[2026-01-24 11:59:05] [DEBG] Recv JSON: {"type": "send_mcu", "data": {"cmd": 8}}
[2026-01-24 11:59:05] [DEBG] UART TX: 55AA0008000007
[2026-01-24 11:59:05] [DEBG] Recv JSON: {"type": "send_mcu", "data": {"cmd": 6, "payload": "0101000101"}}
[2026-01-24 11:59:05] [DEBG] UART TX: 55AA0006000501010001010E
[2026-01-24 11:59:05] [DEBG] Recv JSON: {"type": "send_mcu", "data": {"cmd": 8}}
[2026-01-24 11:59:05] [DEBG] UART TX: 55AA0008000007
[2026-01-24 11:59:05] [DEBG] Recv JSON: {"type": "send_mcu", "data": {"cmd": 6, "payload": "0101000101"}}
[2026-01-24 11:59:05] [DEBG] UART TX: 55AA0006000501010001010E
[2026-01-24 11:59:06] [DEBG] Recv JSON: {"type": "send_mcu", "data": {"cmd": 8}}
[2026-01-24 11:59:06] [DEBG] UART TX: 55AA0008000007
[2026-01-24 11:59:06] [DEBG] Recv JSON: {"type": "send_mcu", "data": {"cmd": 6, "payload": "0101000101"}}
[2026-01-24 11:59:06] [DEBG] UART TX: 55AA0006000501010001010E
[2026-01-24 11:59:06] [DEBG] Recv JSON: {"type": "send_mcu", "data": {"cmd": 8}}
[2026-01-24 11:59:06] [DEBG] UART TX: 55AA0008000007
[2026-01-24 11:59:06] [DEBG] Recv JSON: {"type": "send_mcu", "data": {"cmd": 6, "payload": "0101000101"}}
[2026-01-24 11:59:06] [DEBG] UART TX: 55AA0006000501010001010E
[2026-01-24 11:59:07] [DEBG] Recv JSON: {"type": "send_mcu", "data": {"cmd": 8}}
[2026-01-24 11:59:07] [DEBG] UART TX: 55AA0008000007
[2026-01-24 11:59:07] [DEBG] Recv JSON: {"type": "send_mcu", "data": {"cmd": 6, "payload": "0101000101"}}
[2026-01-24 11:59:07] [DEBG] UART TX: 55AA0006000501010001010E
[2026-01-24 11:59:07] [DEBG] Recv JSON: {"type": "send_mcu", "data": {"cmd": 8}}
[2026-01-24 11:59:07] [DEBG] UART TX: 55AA0008000007
[2026-01-24 11:59:07] [DEBG] Recv JSON: {"type": "send_mcu", "data": {"cmd": 6, "payload": "0101000101"}}
[2026-01-24 11:59:07] [DEBG] UART TX: 55AA0006000501010001010E
[2026-01-24 11:59:08] [DEBG] Recv JSON: {"type": "send_mcu", "data": {"cmd": 8}}
[2026-01-24 11:59:08] [DEBG] UART TX: 55AA0008000007
[2026-01-24 11:59:08] [DEBG] Recv JSON: {"type": "send_mcu", "data": {"cmd": 6, "payload": "0101000101"}}
[2026-01-24 11:59:08] [DEBG] UART TX: 55AA0006000501010001010E
[2026-01-24 11:59:08] [DEBG] Recv JSON: {"type": "send_mcu", "data": {"cmd": 8}}
[2026-01-24 11:59:08] [DEBG] UART TX: 55AA0008000007
[2026-01-24 11:59:08] [DEBG] Recv JSON: {"type": "send_mcu", "data": {"cmd": 6, "payload": "0101000101"}}
[2026-01-24 11:59:08] [DEBG] UART TX: 55AA0006000501010001010E
[2026-01-24 11:59:09] [DEBG] Recv JSON: {"type": "send_mcu", "data": {"cmd": 8}}
[2026-01-24 11:59:09] [DEBG] UART TX: 55AA0008000007
[2026-01-24 11:59:09] [DEBG] Recv JSON: {"type": "send_mcu", "data": {"cmd": 6, "payload": "0101000101"}}
[2026-01-24 11:59:09] [DEBG] UART TX: 55AA0006000501010001010E
[2026-01-24 11:59:09] [DEBG] Recv JSON: {"type": "send_mcu", "data": {"cmd": 8}}
[2026-01-24 11:59:09] [DEBG] UART TX: 55AA0008000007
[2026-01-24 11:59:09] [DEBG] Recv JSON: {"type": "send_mcu", "data": {"cmd": 6, "payload": "0101000101"}}
[2026-01-24 11:59:09] [DEBG] UART TX: 55AA0006000501010001010E
[2026-01-24 11:59:10] [DEBG] Recv JSON: {"type": "send_mcu", "data": {"cmd": 8}}
[2026-01-24 11:59:10] [DEBG] UART TX: 55AA0008000007
[2026-01-24 11:59:10] [DEBG] Recv JSON: {"type": "send_mcu", "data": {"cmd": 6, "payload": "0101000101"}}
[2026-01-24 11:59:10] [DEBG] UART TX: 55AA0006000501010001010E
[2026-01-24 11:59:10] [DEBG] Recv JSON: {"type": "send_mcu", "data": {"cmd": 8}}
[2026-01-24 11:59:10] [DEBG] UART TX: 55AA0008000007
[2026-01-24 11:59:10] [DEBG] Recv JSON: {"type": "send_mcu", "data": {"cmd": 6, "payload": "0101000101"}}
[2026-01-24 11:59:10] [DEBG] UART TX: 55AA0006000501010001010E
[2026-01-24 11:59:11] [DEBG] Recv JSON: {"type": "send_mcu", "data": {"cmd": 8}}
[2026-01-24 11:59:11] [DEBG] UART TX: 55AA0008000007
[2026-01-24 11:59:11] [DEBG] Recv JSON: {"type": "send_mcu", "data": {"cmd": 6, "payload": "0101000101"}}
[2026-01-24 11:59:11] [DEBG] UART TX: 55AA0006000501010001010E
[2026-01-24 11:59:11] [DEBG] Recv JSON: {"type": "send_mcu", "data": {"cmd": 8}}
[2026-01-24 11:59:11] [DEBG] UART TX: 55AA0008000007
[2026-01-24 11:59:11] [DEBG] Recv JSON: {"type": "send_mcu", "data": {"cmd": 6, "payload": "0101000101"}}
[2026-01-24 11:59:11] [DEBG] UART TX: 55AA0006000501010001010E
[2026-01-24 11:59:12] [DEBG] Recv JSON: {"type": "send_mcu", "data": {"cmd": 8}}
[2026-01-24 11:59:12] [DEBG] UART TX: 55AA0008000007
[2026-01-24 11:59:12] [DEBG] Recv JSON: {"type": "send_mcu", "data": {"cmd": 6, "payload": "0101000101"}}
[2026-01-24 11:59:12] [DEBG] UART TX: 55AA0006000501010001010E
[2026-01-24 11:59:12] [DEBG] Recv JSON: {"type": "send_mcu", "data": {"cmd": 8}}
[2026-01-24 11:59:12] [DEBG] UART TX: 55AA0008000007
[2026-01-24 11:59:12] [DEBG] Recv JSON: {"type": "send_mcu", "data": {"cmd": 6, "payload": "0101000101"}}
[2026-01-24 11:59:12] [DEBG] UART TX: 55AA0006000501010001010E
[2026-01-24 11:59:13] [DEBG] Recv JSON: {"type": "send_mcu", "data": {"cmd": 8}}
[2026-01-24 11:59:13] [DEBG] UART TX: 55AA0008000007
[2026-01-24 11:59:13] [DEBG] Recv JSON: {"type": "send_mcu", "data": {"cmd": 6, "payload": "0101000101"}}
[2026-01-24 11:59:13] [DEBG] UART TX: 55AA0006000501010001010E
[2026-01-24 11:59:13] [DEBG] Recv JSON: {"type": "send_mcu", "data": {"cmd": 8}}
[2026-01-24 11:59:13] [DEBG] UART TX: 55AA0008000007
[2026-01-24 11:59:13] [DEBG] Recv JSON: {"type": "send_mcu", "data": {"cmd": 6, "payload": "0101000101"}}
[2026-01-24 11:59:13] [DEBG] UART TX: 55AA0006000501010001010E
[2026-01-24 11:59:14] [DEBG] Recv JSON: {"type": "send_mcu", "data": {"cmd": 8}}
[2026-01-24 11:59:14] [DEBG] UART TX: 55AA0008000007
[2026-01-24 11:59:14] [DEBG] Recv JSON: {"type": "send_mcu", "data": {"cmd": 6, "payload": "0101000101"}}
[2026-01-24 11:59:14] [DEBG] UART TX: 55AA0006000501010001010E
[2026-01-24 11:59:14] [DEBG] Recv JSON: {"type": "send_mcu", "data": {"cmd": 8}}
[2026-01-24 11:59:14] [DEBG] UART TX: 55AA0008000007
[2026-01-24 11:59:14] [DEBG] Recv JSON: {"type": "send_mcu", "data": {"cmd": 6, "payload": "0101000101"}}
[2026-01-24 11:59:14] [DEBG] UART TX: 55AA0006000501010001010E
[2026-01-24 11:59:15] [DEBG] Recv JSON: {"type": "send_mcu", "data": {"cmd": 8}}
[2026-01-24 11:59:15] [DEBG] UART TX: 55AA0008000007
[2026-01-24 11:59:15] [DEBG] Recv JSON: {"type": "send_mcu", "data": {"cmd": 6, "payload": "0101000101"}}
[2026-01-24 11:59:15] [DEBG] UART TX: 55AA0006000501010001010E
[2026-01-24 11:59:15] [DEBG] Recv JSON: {"type": "send_mcu", "data": {"cmd": 8}}
[2026-01-24 11:59:15] [DEBG] UART TX: 55AA0008000007
[2026-01-24 11:59:15] [DEBG] Recv JSON: {"type": "send_mcu", "data": {"cmd": 6, "payload": "0101000101"}}
[2026-01-24 11:59:15] [DEBG] UART TX: 55AA0006000501010001010E
[2026-01-24 11:59:16] [DEBG] Recv JSON: {"type": "send_mcu", "data": {"cmd": 8}}
[2026-01-24 11:59:16] [DEBG] UART TX: 55AA0008000007
[2026-01-24 11:59:16] [DEBG] Recv JSON: {"type": "send_mcu", "data": {"cmd": 6, "payload": "0101000101"}}
[2026-01-24 11:59:16] [DEBG] UART TX: 55AA0006000501010001010E
[2026-01-24 11:59:16] [DEBG] Recv JSON: {"type": "send_mcu", "data": {"cmd": 8}}
[2026-01-24 11:59:16] [DEBG] UART TX: 55AA0008000007
[2026-01-24 11:59:16] [DEBG] Recv JSON: {"type": "send_mcu", "data": {"cmd": 6, "payload": "0101000101"}}
[2026-01-24 11:59:16] [DEBG] UART TX: 55AA0006000501010001010E
[2026-01-24 11:59:17] [DEBG] Recv JSON: {"type": "send_mcu", "data": {"cmd": 8}}
[2026-01-24 11:59:17] [DEBG] UART TX: 55AA0008000007
[2026-01-24 11:59:17] [DEBG] Recv JSON: {"type": "send_mcu", "data": {"cmd": 6, "payload": "0101000101"}}
[2026-01-24 11:59:17] [DEBG] UART TX: 55AA0006000501010001010E
[2026-01-24 11:59:17] [DEBG] Recv JSON: {"type": "send_mcu", "data": {"cmd": 8}}
[2026-01-24 11:59:17] [DEBG] UART TX: 55AA0008000007
[2026-01-24 11:59:17] [DEBG] Recv JSON: {"type": "send_mcu", "data": {"cmd": 6, "payload": "0101000101"}}
[2026-01-24 11:59:17] [DEBG] UART TX: 55AA0006000501010001010E
[2026-01-24 11:59:18] [DEBG] Recv JSON: {"type": "send_mcu", "data": {"cmd": 8}}
[2026-01-24 11:59:18] [DEBG] UART TX: 55AA0008000007
[2026-01-24 11:59:18] [DEBG] Recv JSON: {"type": "send_mcu", "data": {"cmd": 6, "payload": "0101000101"}}
[2026-01-24 11:59:18] [DEBG] UART TX: 55AA0006000501010001010E
[2026-01-24 11:59:18] [DEBG] Recv JSON: {"type": "send_mcu", "data": {"cmd": 8}}
[2026-01-24 11:59:18] [DEBG] UART TX: 55AA0008000007
[2026-01-24 11:59:18] [DEBG] Recv JSON: {"type": "send_mcu", "data": {"cmd": 6, "payload": "0101000101"}}
[2026-01-24 11:59:18] [DEBG] UART TX: 55AA0006000501010001010E
[2026-01-24 11:59:19] [DEBG] Recv JSON: {"type": "send_mcu", "data": {"cmd": 8}}
[2026-01-24 11:59:19] [DEBG] UART TX: 55AA0008000007
[2026-01-24 11:59:19] [DEBG] Recv JSON: {"type": "send_mcu", "data": {"cmd": 6, "payload": "0101000101"}}
[2026-01-24 11:59:19] [DEBG] UART TX: 55AA0006000501010001010E
[2026-01-24 11:59:19] [DEBG] Recv JSON: {"type": "send_mcu", "data": {"cmd": 8}}
[2026-01-24 11:59:19] [DEBG] UART TX: 55AA0008000007
[2026-01-24 11:59:19] [DEBG] Recv JSON: {"type": "send_mcu", "data": {"cmd": 6, "payload": "0101000101"}}
[2026-01-24 11:59:19] [DEBG] UART TX: 55AA0006000501010001010E
[2026-01-24 11:59:20] [DEBG] Recv JSON: {"type": "send_mcu", "data": {"cmd": 8}}
[2026-01-24 11:59:20] [DEBG] UART TX: 55AA0008000007
[2026-01-24 11:59:20] [DEBG] Recv JSON: {"type": "send_mcu", "data": {"cmd": 6, "payload": "0101000101"}}
[2026-01-24 11:59:20] [DEBG] UART TX: 55AA0006000501010001010E
[2026-01-24 11:59:20] [DEBG] Recv JSON: {"type": "send_mcu", "data": {"cmd": 8}}
[2026-01-24 11:59:20] [DEBG] UART TX: 55AA0008000007
[2026-01-24 11:59:20] [DEBG] Recv JSON: {"type": "send_mcu", "data": {"cmd": 6, "payload": "0101000101"}}
[2026-01-24 11:59:20] [DEBG] UART TX: 55AA0006000501010001010E
[2026-01-24 11:59:21] [DEBG] Recv JSON: {"type": "send_mcu", "data": {"cmd": 8}}
[2026-01-24 11:59:21] [DEBG] UART TX: 55AA0008000007
[2026-01-24 11:59:21] [DEBG] Recv JSON: {"type": "send_mcu", "data": {"cmd": 6, "payload": "0101000101"}}
[2026-01-24 11:59:21] [DEBG] UART TX: 55AA0006000501010001010E
[2026-01-24 11:59:21] [DEBG] Recv JSON: {"type": "send_mcu", "data": {"cmd": 8}}
[2026-01-24 11:59:21] [DEBG] UART TX: 55AA0008000007
[2026-01-24 11:59:21] [DEBG] Recv JSON: {"type": "send_mcu", "data": {"cmd": 6, "payload": "0101000101"}}
[2026-01-24 11:59:21] [DEBG] UART TX: 55AA0006000501010001010E
[2026-01-24 11:59:22] [DEBG] Recv JSON: {"type": "send_mcu", "data": {"cmd": 8}}
[2026-01-24 11:59:22] [DEBG] UART TX: 55AA0008000007
[2026-01-24 11:59:22] [DEBG] Recv JSON: {"type": "send_mcu", "data": {"cmd": 6, "payload": "0101000101"}}
[2026-01-24 11:59:22] [DEBG] UART TX: 55AA0006000501010001010E
[2026-01-24 11:59:22] [DEBG] Recv JSON: {"type": "send_mcu", "data": {"cmd": 8}}
[2026-01-24 11:59:22] [DEBG] UART TX: 55AA0008000007
[2026-01-24 11:59:22] [DEBG] Recv JSON: {"type": "send_mcu", "data": {"cmd": 6, "payload": "0101000101"}}
[2026-01-24 11:59:22] [DEBG] UART TX: 55AA0006000501010001010E
[2026-01-24 11:59:23] [DEBG] Recv JSON: {"type": "send_mcu", "data": {"cmd": 8}}
[2026-01-24 11:59:23] [DEBG] UART TX: 55AA0008000007
[2026-01-24 11:59:23] [DEBG] Recv JSON: {"type": "send_mcu", "data": {"cmd": 6, "payload": "0101000101"}}
[2026-01-24 11:59:23] [DEBG] UART TX: 55AA0006000501010001010E
[2026-01-24 11:59:23] [DEBG] Recv JSON: {"type": "send_mcu", "data": {"cmd": 8}}
[2026-01-24 11:59:23] [DEBG] UART TX: 55AA0008000007
[2026-01-24 11:59:23] [DEBG] Recv JSON: {"type": "send_mcu", "data": {"cmd": 6, "payload": "0101000101"}}
[2026-01-24 11:59:23] [DEBG] UART TX: 55AA0006000501010001010E
[2026-01-24 11:59:24] [DEBG] Recv JSON: {"type": "send_mcu", "data": {"cmd": 8}}
[2026-01-24 11:59:24] [DEBG] UART TX: 55AA0008000007
[2026-01-24 11:59:24] [DEBG] Recv JSON: {"type": "send_mcu", "data": {"cmd": 6, "payload": "0101000101"}}
[2026-01-24 11:59:24] [DEBG] UART TX: 55AA0006000501010001010E
[2026-01-24 11:59:24] [DEBG] Recv JSON: {"type": "send_mcu", "data": {"cmd": 8}}
[2026-01-24 11:59:24] [DEBG] UART TX: 55AA0008000007
[2026-01-24 11:59:24] [DEBG] Recv JSON: {"type": "send_mcu", "data": {"cmd": 6, "payload": "0101000101"}}
[2026-01-24 11:59:24] [DEBG] UART TX: 55AA0006000501010001010E
[2026-01-24 11:59:25] [DEBG] Recv JSON: {"type": "send_mcu", "data": {"cmd": 8}}
[2026-01-24 11:59:25] [DEBG] UART TX: 55AA0008000007
[2026-01-24 11:59:25] [DEBG] Recv JSON: {"type": "send_mcu", "data": {"cmd": 6, "payload": "0101000101"}}
[2026-01-24 11:59:25] [DEBG] UART TX: 55AA0006000501010001010E
[2026-01-24 11:59:25] [DEBG] Recv JSON: {"type": "send_mcu", "data": {"cmd": 8}}
[2026-01-24 11:59:25] [DEBG] UART TX: 55AA0008000007
[2026-01-24 11:59:25] [DEBG] Recv JSON: {"type": "send_mcu", "data": {"cmd": 6, "payload": "0101000101"}}
[2026-01-24 11:59:25] [DEBG] UART TX: 55AA0006000501010001010E
[2026-01-24 11:59:26] [DEBG] Recv JSON: {"type": "send_mcu", "data": {"cmd": 8}}
[2026-01-24 11:59:26] [DEBG] UART TX: 55AA0008000007
[2026-01-24 11:59:26] [DEBG] Recv JSON: {"type": "send_mcu", "data": {"cmd": 6, "payload": "0101000101"}}
[2026-01-24 11:59:26] [DEBG] UART TX: 55AA0006000501010001010E
[2026-01-24 11:59:26] [DEBG] Recv JSON: {"type": "send_mcu", "data": {"cmd": 8}}
[2026-01-24 11:59:26] [DEBG] UART TX: 55AA0008000007
[2026-01-24 11:59:26] [DEBG] Recv JSON: {"type": "send_mcu", "data": {"cmd": 6, "payload": "0101000101"}}
[2026-01-24 11:59:26] [DEBG] UART TX: 55AA0006000501010001010E
[2026-01-24 11:59:27] [DEBG] Recv JSON: {"type": "send_mcu", "data": {"cmd": 8}}
[2026-01-24 11:59:27] [DEBG] UART TX: 55AA0008000007
[2026-01-24 11:59:27] [DEBG] Recv JSON: {"type": "send_mcu", "data": {"cmd": 6, "payload": "0101000101"}}
[2026-01-24 11:59:27] [DEBG] UART TX: 55AA0006000501010001010E
[2026-01-24 11:59:27] [DEBG] Recv JSON: {"type": "send_mcu", "data": {"cmd": 8}}
[2026-01-24 11:59:27] [DEBG] UART TX: 55AA0008000007
[2026-01-24 11:59:27] [DEBG] Recv JSON: {"type": "send_mcu", "data": {"cmd": 6, "payload": "0101000101"}}
[2026-01-24 11:59:27] [DEBG] UART TX: 55AA0006000501010001010E
[2026-01-24 11:59:28] [DEBG] Recv JSON: {"type": "send_mcu", "data": {"cmd": 8}}
[2026-01-24 11:59:28] [DEBG] UART TX: 55AA0008000007
[2026-01-24 11:59:28] [DEBG] Recv JSON: {"type": "send_mcu", "data": {"cmd": 6, "payload": "0101000101"}}
[2026-01-24 11:59:28] [DEBG] UART TX: 55AA0006000501010001010E
[2026-01-24 11:59:28] [DEBG] Recv JSON: {"type": "send_mcu", "data": {"cmd": 8}}
[2026-01-24 11:59:28] [DEBG] UART TX: 55AA0008000007
[2026-01-24 11:59:28] [DEBG] Recv JSON: {"type": "send_mcu", "data": {"cmd": 6, "payload": "0101000101"}}
[2026-01-24 11:59:28] [DEBG] UART TX: 55AA0006000501010001010E
[2026-01-24 11:59:29] [DEBG] Recv JSON: {"type": "send_mcu", "data": {"cmd": 8}}
[2026-01-24 11:59:29] [DEBG] UART TX: 55AA0008000007
[2026-01-24 11:59:29] [DEBG] Recv JSON: {"type": "send_mcu", "data": {"cmd": 6, "payload": "0101000101"}}
[2026-01-24 11:59:29] [DEBG] UART TX: 55AA0006000501010001010E
[2026-01-24 11:59:29] [DEBG] Recv JSON: {"type": "send_mcu", "data": {"cmd": 8}}
[2026-01-24 11:59:29] [DEBG] UART TX: 55AA0008000007
[2026-01-24 11:59:29] [DEBG] Recv JSON: {"type": "send_mcu", "data": {"cmd": 6, "payload": "0101000101"}}
[2026-01-24 11:59:29] [DEBG] UART TX: 55AA0006000501010001010E
[2026-01-24 11:59:30] [DEBG] Recv JSON: {"type": "send_mcu", "data": {"cmd": 8}}
[2026-01-24 11:59:30] [DEBG] UART TX: 55AA0008000007
[2026-01-24 11:59:30] [DEBG] Recv JSON: {"type": "send_mcu", "data": {"cmd": 6, "payload": "0101000101"}}
[2026-01-24 11:59:30] [DEBG] UART TX: 55AA0006000501010001010E
[2026-01-24 11:59:30] [DEBG] Recv JSON: {"type": "send_mcu", "data": {"cmd": 8}}
[2026-01-24 11:59:30] [DEBG] UART TX: 55AA0008000007
[2026-01-24 11:59:30] [DEBG] Recv JSON: {"type": "send_mcu", "data": {"cmd": 6, "payload": "0101000101"}}
[2026-01-24 11:59:30] [DEBG] UART TX: 55AA0006000501010001010E
[2026-01-24 11:59:31] [DEBG] Recv JSON: {"type": "send_mcu", "data": {"cmd": 8}}
[2026-01-24 11:59:31] [DEBG] UART TX: 55AA0008000007
[2026-01-24 11:59:31] [DEBG] Recv JSON: {"type": "send_mcu", "data": {"cmd": 6, "payload": "0101000101"}}
[2026-01-24 11:59:31] [DEBG] UART TX: 55AA0006000501010001010E
[2026-01-24 11:59:31] [DEBG] Recv JSON: {"type": "send_mcu", "data": {"cmd": 8}}
[2026-01-24 11:59:31] [DEBG] UART TX: 55AA0008000007
[2026-01-24 11:59:31] [DEBG] Recv JSON: {"type": "send_mcu", "data": {"cmd": 6, "payload": "0101000101"}}
[2026-01-24 11:59:31] [DEBG] UART TX: 55AA0006000501010001010E
[2026-01-24 11:59:32] [DEBG] Recv JSON: {"type": "send_mcu", "data": {"cmd": 8}}
[2026-01-24 11:59:32] [DEBG] UART TX: 55AA0008000007
[2026-01-24 11:59:32] [DEBG] Recv JSON: {"type": "send_mcu", "data": {"cmd": 6, "payload": "0101000101"}}
[2026-01-24 11:59:32] [DEBG] UART TX: 55AA0006000501010001010E
[2026-01-24 11:59:32] [DEBG] Recv JSON: {"type": "send_mcu", "data": {"cmd": 8}}
[2026-01-24 11:59:32] [DEBG] UART TX: 55AA0008000007
[2026-01-24 11:59:32] [DEBG] Recv JSON: {"type": "send_mcu", "data": {"cmd": 6, "payload": "0101000101"}}
[2026-01-24 11:59:32] [DEBG] UART TX: 55AA0006000501010001010E
[2026-01-24 11:59:33] [DEBG] Recv JSON: {"type": "send_mcu", "data": {"cmd": 8}}
[2026-01-24 11:59:33] [DEBG] UART TX: 55AA0008000007
[2026-01-24 11:59:33] [DEBG] Recv JSON: {"type": "send_mcu", "data": {"cmd": 6, "payload": "0101000101"}}
[2026-01-24 11:59:33] [DEBG] UART TX: 55AA0006000501010001010E
[2026-01-24 11:59:33] [DEBG] Recv JSON: {"type": "send_mcu", "data": {"cmd": 8}}
[2026-01-24 11:59:33] [DEBG] UART TX: 55AA0008000007
[2026-01-24 11:59:33] [DEBG] Recv JSON: {"type": "send_mcu", "data": {"cmd": 6, "payload": "0101000101"}}
[2026-01-24 11:59:33] [DEBG] UART TX: 55AA0006000501010001010E
[2026-01-24 11:59:34] [DEBG] Recv JSON: {"type": "send_mcu", "data": {"cmd": 8}}
[2026-01-24 11:59:34] [DEBG] UART TX: 55AA0008000007
[2026-01-24 11:59:34] [DEBG] Recv JSON: {"type": "send_mcu", "data": {"cmd": 6, "payload": "0101000101"}}
[2026-01-24 11:59:34] [DEBG] UART TX: 55AA0006000501010001010E
[2026-01-24 11:59:34] [DEBG] Recv JSON: {"type": "send_mcu", "data": {"cmd": 8}}
[2026-01-24 11:59:34] [DEBG] UART TX: 55AA0008000007
[2026-01-24 11:59:34] [DEBG] Recv JSON: {"type": "send_mcu", "data": {"cmd": 6, "payload": "0101000101"}}
[2026-01-24 11:59:34] [DEBG] UART TX: 55AA0006000501010001010E
[2026-01-24 11:59:35] [DEBG] Recv JSON: {"type": "send_mcu", "data": {"cmd": 8}}
[2026-01-24 11:59:35] [DEBG] UART TX: 55AA0008000007
[2026-01-24 11:59:35] [DEBG] Recv JSON: {"type": "send_mcu", "data": {"cmd": 6, "payload": "0101000101"}}
[2026-01-24 11:59:35] [DEBG] UART TX: 55AA0006000501010001010E
[2026-01-24 11:59:35] [DEBG] Recv JSON: {"type": "send_mcu", "data": {"cmd": 8}}
[2026-01-24 11:59:35] [DEBG] UART TX: 55AA0008000007
[2026-01-24 11:59:35] [DEBG] Recv JSON: {"type": "send_mcu", "data": {"cmd": 6, "payload": "0101000101"}}
[2026-01-24 11:59:35] [DEBG] UART TX: 55AA0006000501010001010E
[2026-01-24 11:59:36] [DEBG] Recv JSON: {"type": "send_mcu", "data": {"cmd": 8}}
[2026-01-24 11:59:36] [DEBG] UART TX: 55AA0008000007
[2026-01-24 11:59:36] [DEBG] Recv JSON: {"type": "send_mcu", "data": {"cmd": 6, "payload": "0101000101"}}
[2026-01-24 11:59:36] [DEBG] UART TX: 55AA0006000501010001010E
[2026-01-24 11:59:36] [DEBG] Recv JSON: {"type": "send_mcu", "data": {"cmd": 8}}
[2026-01-24 11:59:36] [DEBG] UART TX: 55AA0008000007
[2026-01-24 11:59:36] [DEBG] Recv JSON: {"type": "send_mcu", "data": {"cmd": 6, "payload": "0101000101"}}
[2026-01-24 11:59:36] [DEBG] UART TX: 55AA0006000501010001010E
[2026-01-24 11:59:37] [DEBG] Recv JSON: {"type": "send_mcu", "data": {"cmd": 8}}
[2026-01-24 11:59:37] [DEBG] UART TX: 55AA0008000007
[2026-01-24 11:59:37] [DEBG] Recv JSON: {"type": "send_mcu", "data": {"cmd": 6, "payload": "0101000101"}}
[2026-01-24 11:59:37] [DEBG] UART TX: 55AA0006000501010001010E
[2026-01-24 11:59:37] [DEBG] Recv JSON: {"type": "send_mcu", "data": {"cmd": 8}}
[2026-01-24 11:59:37] [DEBG] UART TX: 55AA0008000007
[2026-01-24 11:59:37] [DEBG] Recv JSON: {"type": "send_mcu", "data": {"cmd": 6, "payload": "0101000101"}}
[2026-01-24 11:59:37] [DEBG] UART TX: 55AA0006000501010001010E
[2026-01-24 11:59:38] [DEBG] Recv JSON: {"type": "send_mcu", "data": {"cmd": 8}}
[2026-01-24 11:59:38] [DEBG] UART TX: 55AA0008000007
[2026-01-24 11:59:38] [DEBG] Recv JSON: {"type": "send_mcu", "data": {"cmd": 6, "payload": "0101000101"}}
[2026-01-24 11:59:38] [DEBG] UART TX: 55AA0006000501010001010E
[2026-01-24 11:59:38] [DEBG] Recv JSON: {"type": "send_mcu", "data": {"cmd": 8}}
[2026-01-24 11:59:38] [DEBG] UART TX: 55AA0008000007
[2026-01-24 11:59:38] [DEBG] Recv JSON: {"type": "send_mcu", "data": {"cmd": 6, "payload": "0101000101"}}
[2026-01-24 11:59:38] [DEBG] UART TX: 55AA0006000501010001010E
[2026-01-24 11:59:39] [DEBG] Recv JSON: {"type": "send_mcu", "data": {"cmd": 8}}
[2026-01-24 11:59:39] [DEBG] UART TX: 55AA0008000007
[2026-01-24 11:59:39] [DEBG] Recv JSON: {"type": "send_mcu", "data": {"cmd": 6, "payload": "0101000101"}}
[2026-01-24 11:59:39] [DEBG] UART TX: 55AA0006000501010001010E
[2026-01-24 11:59:39] [DEBG] Recv JSON: {"type": "send_mcu", "data": {"cmd": 8}}
[2026-01-24 11:59:39] [DEBG] UART TX: 55AA0008000007
[2026-01-24 11:59:39] [DEBG] Recv JSON: {"type": "send_mcu", "data": {"cmd": 6, "payload": "0101000101"}}
[2026-01-24 11:59:39] [DEBG] UART TX: 55AA0006000501010001010E
[2026-01-24 11:59:40] [DEBG] Recv JSON: {"type": "send_mcu", "data": {"cmd": 8}}
[2026-01-24 11:59:40] [DEBG] UART TX: 55AA0008000007
[2026-01-24 11:59:40] [DEBG] Recv JSON: {"type": "send_mcu", "data": {"cmd": 6, "payload": "0101000101"}}
[2026-01-24 11:59:40] [DEBG] UART TX: 55AA0006000501010001010E
[2026-01-24 11:59:40] [DEBG] Recv JSON: {"type": "send_mcu", "data": {"cmd": 8}}
[2026-01-24 11:59:40] [DEBG] UART TX: 55AA0008000007
[2026-01-24 11:59:40] [DEBG] Recv JSON: {"type": "send_mcu", "data": {"cmd": 6, "payload": "0101000101"}}
[2026-01-24 11:59:40] [DEBG] UART TX: 55AA0006000501010001010E
[2026-01-24 11:59:41] [DEBG] Recv JSON: {"type": "send_mcu", "data": {"cmd": 8}}
[2026-01-24 11:59:41] [DEBG] UART TX: 55AA0008000007
[2026-01-24 11:59:41] [DEBG] Recv JSON: {"type": "send_mcu", "data": {"cmd": 6, "payload": "0101000101"}}
[2026-01-24 11:59:41] [DEBG] UART TX: 55AA0006000501010001010E
[2026-01-24 11:59:41] [DEBG] Recv JSON: {"type": "send_mcu", "data": {"cmd": 8}}
[2026-01-24 11:59:41] [DEBG] UART TX: 55AA0008000007
[2026-01-24 11:59:41] [DEBG] Recv JSON: {"type": "send_mcu", "data": {"cmd": 6, "payload": "0101000101"}}
[2026-01-24 11:59:41] [DEBG] UART TX: 55AA0006000501010001010E
[2026-01-24 11:59:42] [DEBG] Recv JSON: {"type": "send_mcu", "data": {"cmd": 8}}
[2026-01-24 11:59:42] [DEBG] UART TX: 55AA0008000007
[2026-01-24 11:59:42] [DEBG] Recv JSON: {"type": "send_mcu", "data": {"cmd": 6, "payload": "0101000101"}}
[2026-01-24 11:59:42] [DEBG] UART TX: 55AA0006000501010001010E
[2026-01-24 11:59:42] [DEBG] Recv JSON: {"type": "send_mcu", "data": {"cmd": 8}}
[2026-01-24 11:59:42] [DEBG] UART TX: 55AA0008000007
[2026-01-24 11:59:43] [DEBG] Recv JSON: {"type": "send_mcu", "data": {"cmd": 6, "payload": "0101000101"}}
[2026-01-24 11:59:43] [DEBG] UART TX: 55AA0006000501010001010E
[2026-01-24 11:59:43] [DEBG] Recv JSON: {"type": "send_mcu", "data": {"cmd": 8}}
[2026-01-24 11:59:43] [DEBG] UART TX: 55AA0008000007
[2026-01-24 11:59:43] [DEBG] Recv JSON: {"type": "send_mcu", "data": {"cmd": 6, "payload": "0101000101"}}
[2026-01-24 11:59:43] [DEBG] UART TX: 55AA0006000501010001010E
[2026-01-24 11:59:43] [DEBG] Recv JSON: {"type": "send_mcu", "data": {"cmd": 8}}
[2026-01-24 11:59:43] [DEBG] UART TX: 55AA0008000007
[2026-01-24 11:59:44] [DEBG] Recv JSON: {"type": "send_mcu", "data": {"cmd": 6, "payload": "0101000101"}}
[2026-01-24 11:59:44] [DEBG] UART TX: 55AA0006000501010001010E
[2026-01-24 11:59:44] [DEBG] Recv JSON: {"type": "send_mcu", "data": {"cmd": 8}}
[2026-01-24 11:59:44] [DEBG] UART TX: 55AA0008000007
[2026-01-24 11:59:44] [DEBG] Recv JSON: {"type": "send_mcu", "data": {"cmd": 6, "payload": "0101000101"}}
[2026-01-24 11:59:44] [DEBG] UART TX: 55AA0006000501010001010E
[2026-01-24 11:59:44] [DEBG] Recv JSON: {"type": "send_mcu", "data": {"cmd": 8}}
[2026-01-24 11:59:44] [DEBG] UART TX: 55AA0008000007
[2026-01-24 11:59:45] [DEBG] Recv JSON: {"type": "send_mcu", "data": {"cmd": 6, "payload": "0101000101"}}
[2026-01-24 11:59:45] [DEBG] UART TX: 55AA0006000501010001010E
[2026-01-24 11:59:45] [DEBG] Recv JSON: {"type": "send_mcu", "data": {"cmd": 8}}
[2026-01-24 11:59:45] [DEBG] UART TX: 55AA0008000007
[2026-01-24 11:59:45] [DEBG] Recv JSON: {"type": "send_mcu", "data": {"cmd": 6, "payload": "0101000101"}}
[2026-01-24 11:59:45] [DEBG] UART TX: 55AA0006000501010001010E
[2026-01-24 11:59:45] [DEBG] Recv JSON: {"type": "send_mcu", "data": {"cmd": 8}}
[2026-01-24 11:59:45] [DEBG] UART TX: 55AA0008000007
[2026-01-24 11:59:46] [DEBG] Recv JSON: {"type": "send_mcu", "data": {"cmd": 6, "payload": "0101000101"}}
[2026-01-24 11:59:46] [DEBG] UART TX: 55AA0006000501010001010E
[2026-01-24 11:59:46] [DEBG] Recv JSON: {"type": "send_mcu", "data": {"cmd": 8}}
[2026-01-24 11:59:46] [DEBG] UART TX: 55AA0008000007
[2026-01-24 11:59:46] [DEBG] Recv JSON: {"type": "send_mcu", "data": {"cmd": 6, "payload": "0101000101"}}
[2026-01-24 11:59:46] [DEBG] UART TX: 55AA0006000501010001010E
[2026-01-24 11:59:46] [DEBG] Recv JSON: {"type": "send_mcu", "data": {"cmd": 8}}
[2026-01-24 11:59:46] [DEBG] UART TX: 55AA0008000007
[2026-01-24 11:59:47] [DEBG] Recv JSON: {"type": "send_mcu", "data": {"cmd": 6, "payload": "0101000101"}}
[2026-01-24 11:59:47] [DEBG] UART TX: 55AA0006000501010001010E
[2026-01-24 11:59:47] [DEBG] Recv JSON: {"type": "send_mcu", "data": {"cmd": 8}}
[2026-01-24 11:59:47] [DEBG] UART TX: 55AA0008000007
[2026-01-24 11:59:47] [DEBG] Recv JSON: {"type": "send_mcu", "data": {"cmd": 6, "payload": "0101000101"}}
[2026-01-24 11:59:47] [DEBG] UART TX: 55AA0006000501010001010E
[2026-01-24 11:59:47] [DEBG] Recv JSON: {"type": "send_mcu", "data": {"cmd": 8}}
[2026-01-24 11:59:47] [DEBG] UART TX: 55AA0008000007
[2026-01-24 11:59:48] [DEBG] Recv JSON: {"type": "send_mcu", "data": {"cmd": 6, "payload": "0101000101"}}
[2026-01-24 11:59:48] [DEBG] UART TX: 55AA0006000501010001010E
[2026-01-24 11:59:48] [DEBG] Recv JSON: {"type": "send_mcu", "data": {"cmd": 8}}
[2026-01-24 11:59:48] [DEBG] UART TX: 55AA0008000007
[2026-01-24 11:59:48] [DEBG] Recv JSON: {"type": "send_mcu", "data": {"cmd": 6, "payload": "0101000101"}}
[2026-01-24 11:59:48] [DEBG] UART TX: 55AA0006000501010001010E
[2026-01-24 11:59:48] [DEBG] Recv JSON: {"type": "send_mcu", "data": {"cmd": 8}}
[2026-01-24 11:59:48] [DEBG] UART TX: 55AA0008000007
[2026-01-24 11:59:49] [DEBG] Recv JSON: {"type": "send_mcu", "data": {"cmd": 6, "payload": "0101000101"}}
[2026-01-24 11:59:49] [DEBG] UART TX: 55AA0006000501010001010E
[2026-01-24 11:59:49] [DEBG] Recv JSON: {"type": "send_mcu", "data": {"cmd": 8}}
[2026-01-24 11:59:49] [DEBG] UART TX: 55AA0008000007
[2026-01-24 11:59:49] [DEBG] Recv JSON: {"type": "send_mcu", "data": {"cmd": 6, "payload": "0101000101"}}
[2026-01-24 11:59:49] [DEBG] UART TX: 55AA0006000501010001010E
[2026-01-24 11:59:49] [DEBG] Recv JSON: {"type": "send_mcu", "data": {"cmd": 8}}
[2026-01-24 11:59:49] [DEBG] UART TX: 55AA0008000007
[2026-01-24 11:59:50] [DEBG] Recv JSON: {"type": "send_mcu", "data": {"cmd": 6, "payload": "0101000101"}}
[2026-01-24 11:59:50] [DEBG] UART TX: 55AA0006000501010001010E
[2026-01-24 11:59:50] [DEBG] Recv JSON: {"type": "send_mcu", "data": {"cmd": 8}}
[2026-01-24 11:59:50] [DEBG] UART TX: 55AA0008000007
[2026-01-24 11:59:50] [DEBG] Recv JSON: {"type": "send_mcu", "data": {"cmd": 6, "payload": "0101000101"}}
[2026-01-24 11:59:50] [DEBG] UART TX: 55AA0006000501010001010E
[2026-01-24 11:59:50] [DEBG] Recv JSON: {"type": "send_mcu", "data": {"cmd": 8}}
[2026-01-24 11:59:50] [DEBG] UART TX: 55AA0008000007
[2026-01-24 11:59:51] [DEBG] Recv JSON: {"type": "send_mcu", "data": {"cmd": 6, "payload": "0101000101"}}
[2026-01-24 11:59:51] [DEBG] UART TX: 55AA0006000501010001010E
[2026-01-24 11:59:51] [DEBG] Recv JSON: {"type": "send_mcu", "data": {"cmd": 8}}
[2026-01-24 11:59:51] [DEBG] UART TX: 55AA0008000007
[2026-01-24 11:59:51] [DEBG] Recv JSON: {"type": "send_mcu", "data": {"cmd": 6, "payload": "0101000101"}}
[2026-01-24 11:59:51] [DEBG] UART TX: 55AA0006000501010001010E
[2026-01-24 11:59:51] [DEBG] Recv JSON: {"type": "send_mcu", "data": {"cmd": 8}}
[2026-01-24 11:59:51] [DEBG] UART TX: 55AA0008000007
[2026-01-24 11:59:52] [DEBG] Recv JSON: {"type": "send_mcu", "data": {"cmd": 6, "payload": "0101000101"}}
[2026-01-24 11:59:52] [DEBG] UART TX: 55AA0006000501010001010E
[2026-01-24 11:59:52] [DEBG] Recv JSON: {"type": "send_mcu", "data": {"cmd": 8}}
[2026-01-24 11:59:52] [DEBG] UART TX: 55AA0008000007
[2026-01-24 11:59:52] [DEBG] Recv JSON: {"type": "send_mcu", "data": {"cmd": 6, "payload": "0101000101"}}
[2026-01-24 11:59:52] [DEBG] UART TX: 55AA0006000501010001010E
[2026-01-24 11:59:52] [DEBG] Recv JSON: {"type": "send_mcu", "data": {"cmd": 8}}
[2026-01-24 11:59:52] [DEBG] UART TX: 55AA0008000007
[2026-01-24 11:59:53] [DEBG] Recv JSON: {"type": "send_mcu", "data": {"cmd": 6, "payload": "0101000101"}}
[2026-01-24 11:59:53] [DEBG] UART TX: 55AA0006000501010001010E
[2026-01-24 11:59:53] [DEBG] Recv JSON: {"type": "send_mcu", "data": {"cmd": 8}}
[2026-01-24 11:59:53] [DEBG] UART TX: 55AA0008000007
[2026-01-24 11:59:53] [DEBG] Recv JSON: {"type": "send_mcu", "data": {"cmd": 6, "payload": "0101000101"}}
[2026-01-24 11:59:53] [DEBG] UART TX: 55AA0006000501010001010E
[2026-01-24 11:59:53] [DEBG] Recv JSON: {"type": "send_mcu", "data": {"cmd": 8}}
[2026-01-24 11:59:53] [DEBG] UART TX: 55AA0008000007
[2026-01-24 11:59:54] [DEBG] Recv JSON: {"type": "send_mcu", "data": {"cmd": 6, "payload": "0101000101"}}
[2026-01-24 11:59:54] [DEBG] UART TX: 55AA0006000501010001010E
[2026-01-24 11:59:54] [DEBG] Recv JSON: {"type": "send_mcu", "data": {"cmd": 8}}
[2026-01-24 11:59:54] [DEBG] UART TX: 55AA0008000007
[2026-01-24 11:59:54] [DEBG] Recv JSON: {"type": "send_mcu", "data": {"cmd": 6, "payload": "0101000101"}}
[2026-01-24 11:59:54] [DEBG] UART TX: 55AA0006000501010001010E
[2026-01-24 11:59:54] [DEBG] Recv JSON: {"type": "send_mcu", "data": {"cmd": 8}}
[2026-01-24 11:59:54] [DEBG] UART TX: 55AA0008000007
[2026-01-24 11:59:55] [DEBG] Recv JSON: {"type": "send_mcu", "data": {"cmd": 6, "payload": "0101000101"}}
[2026-01-24 11:59:55] [DEBG] UART TX: 55AA0006000501010001010E
[2026-01-24 11:59:55] [DEBG] Recv JSON: {"type": "send_mcu", "data": {"cmd": 8}}
[2026-01-24 11:59:55] [DEBG] UART TX: 55AA0008000007
[2026-01-24 11:59:55] [DEBG] Recv JSON: {"type": "send_mcu", "data": {"cmd": 6, "payload": "0101000101"}}
[2026-01-24 11:59:55] [DEBG] UART TX: 55AA0006000501010001010E
[2026-01-24 11:59:55] [DEBG] Recv JSON: {"type": "send_mcu", "data": {"cmd": 8}}
[2026-01-24 11:59:55] [DEBG] UART TX: 55AA0008000007
[2026-01-24 11:59:56] [DEBG] Recv JSON: {"type": "send_mcu", "data": {"cmd": 6, "payload": "0101000101"}}
[2026-01-24 11:59:56] [DEBG] UART TX: 55AA0006000501010001010E
[2026-01-24 11:59:56] [DEBG] Recv JSON: {"type": "send_mcu", "data": {"cmd": 8}}
[2026-01-24 11:59:56] [DEBG] UART TX: 55AA0008000007
[2026-01-24 11:59:56] [DEBG] Recv JSON: {"type": "send_mcu", "data": {"cmd": 6, "payload": "0101000101"}}
[2026-01-24 11:59:56] [DEBG] UART TX: 55AA0006000501010001010E
[2026-01-24 11:59:56] [DEBG] Recv JSON: {"type": "send_mcu", "data": {"cmd": 8}}
[2026-01-24 11:59:56] [DEBG] UART TX: 55AA0008000007
[2026-01-24 11:59:57] [DEBG] Recv JSON: {"type": "send_mcu", "data": {"cmd": 6, "payload": "0101000101"}}
[2026-01-24 11:59:57] [DEBG] UART TX: 55AA0006000501010001010E
[2026-01-24 11:59:57] [DEBG] Recv JSON: {"type": "send_mcu", "data": {"cmd": 8}}
[2026-01-24 11:59:57] [DEBG] UART TX: 55AA0008000007
